{"numTotalTestSuites":16,"numPassedTestSuites":16,"numFailedTestSuites":0,"numPendingTestSuites":0,"numTotalTests":28,"numPassedTests":2,"numFailedTests":0,"numPendingTests":26,"numTodoTests":0,"snapshot":{"added":0,"failure":false,"filesAdded":0,"filesRemoved":0,"filesRemovedList":[],"filesUnmatched":0,"filesUpdated":0,"matched":0,"total":0,"unchecked":0,"uncheckedKeysByFile":[],"unmatched":0,"updated":0,"didUpdate":false},"startTime":1759162004872,"success":true,"testResults":[{"assertionResults":[{"ancestorTitles":["StreamingHandler","startStream"],"fullName":"StreamingHandler startStream should create a new streaming session","status":"skipped","title":"should create a new streaming session","failureMessages":[],"meta":{}},{"ancestorTitles":["StreamingHandler","updateProgress"],"fullName":"StreamingHandler updateProgress should update progress for an active stream","status":"skipped","title":"should update progress for an active stream","failureMessages":[],"meta":{}},{"ancestorTitles":["StreamingHandler","updateProgress"],"fullName":"StreamingHandler updateProgress should not update progress for non-existent stream","status":"skipped","title":"should not update progress for non-existent stream","failureMessages":[],"meta":{}},{"ancestorTitles":["StreamingHandler","subscribeToStream"],"fullName":"StreamingHandler subscribeToStream should subscribe to a research stream","status":"skipped","title":"should subscribe to a research stream","failureMessages":[],"meta":{}},{"ancestorTitles":["StreamingHandler","unsubscribeFromStream"],"fullName":"StreamingHandler unsubscribeFromStream should unsubscribe from a research stream","status":"skipped","title":"should unsubscribe from a research stream","failureMessages":[],"meta":{}},{"ancestorTitles":["StreamingHandler","getStreamState"],"fullName":"StreamingHandler getStreamState should return stream state for active research","status":"skipped","title":"should return stream state for active research","failureMessages":[],"meta":{}},{"ancestorTitles":["StreamingHandler","getRecentProgress"],"fullName":"StreamingHandler getRecentProgress should return recent progress updates","status":"skipped","title":"should return recent progress updates","failureMessages":[],"meta":{}},{"ancestorTitles":["StreamingHandler","getRecentProgress"],"fullName":"StreamingHandler getRecentProgress should limit results to specified count","status":"passed","title":"should limit results to specified count","duration":3.5228549999997085,"failureMessages":[],"meta":{}},{"ancestorTitles":["StreamingHandler","unsubscribeFromStream"],"fullName":"StreamingHandler unsubscribeFromStream should unsubscribe from a research stream","status":"skipped","title":"should unsubscribe from a research stream","failureMessages":[],"meta":{}},{"ancestorTitles":["StreamingHandler","unsubscribeFromStream"],"fullName":"StreamingHandler unsubscribeFromStream should return false for non-existent subscription","status":"skipped","title":"should return false for non-existent subscription","failureMessages":[],"meta":{}},{"ancestorTitles":["StreamingHandler","getStreamState"],"fullName":"StreamingHandler getStreamState should return stream state for active research","status":"skipped","title":"should return stream state for active research","failureMessages":[],"meta":{}},{"ancestorTitles":["StreamingHandler","getStreamState"],"fullName":"StreamingHandler getStreamState should return null for non-existent research","status":"skipped","title":"should return null for non-existent research","failureMessages":[],"meta":{}},{"ancestorTitles":["StreamingHandler","getRecentProgress"],"fullName":"StreamingHandler getRecentProgress should return recent progress updates","status":"skipped","title":"should return recent progress updates","failureMessages":[],"meta":{}},{"ancestorTitles":["StreamingHandler","getRecentProgress"],"fullName":"StreamingHandler getRecentProgress should limit results to specified count","status":"passed","title":"should limit results to specified count","duration":0.38893300000017916,"failureMessages":[],"meta":{}},{"ancestorTitles":["StreamingHandler","handleStreamingMessage"],"fullName":"StreamingHandler handleStreamingMessage should handle status-update messages","status":"skipped","title":"should handle status-update messages","failureMessages":[],"meta":{}},{"ancestorTitles":["StreamingHandler","handleStreamingMessage"],"fullName":"StreamingHandler handleStreamingMessage should ignore non-status-update messages","status":"skipped","title":"should ignore non-status-update messages","failureMessages":[],"meta":{}},{"ancestorTitles":["StreamingHandler","handleStreamingMessage"],"fullName":"StreamingHandler handleStreamingMessage should ignore messages for non-existent streams","status":"skipped","title":"should ignore messages for non-existent streams","failureMessages":[],"meta":{}},{"ancestorTitles":["StreamingHandler","handleA2AStreamEvent"],"fullName":"StreamingHandler handleA2AStreamEvent should handle message events","status":"skipped","title":"should handle message events","failureMessages":[],"meta":{}},{"ancestorTitles":["StreamingHandler","handleA2AStreamEvent"],"fullName":"StreamingHandler handleA2AStreamEvent should handle task events","status":"skipped","title":"should handle task events","failureMessages":[],"meta":{}},{"ancestorTitles":["StreamingHandler","handleA2AStreamEvent"],"fullName":"StreamingHandler handleA2AStreamEvent should handle status-update events","status":"skipped","title":"should handle status-update events","failureMessages":[],"meta":{}},{"ancestorTitles":["StreamingHandler","handleA2AStreamEvent"],"fullName":"StreamingHandler handleA2AStreamEvent should handle artifact-update events","status":"skipped","title":"should handle artifact-update events","failureMessages":[],"meta":{}},{"ancestorTitles":["StreamingHandler","handleA2AStreamEvent"],"fullName":"StreamingHandler handleA2AStreamEvent should ignore events for non-existent streams","status":"skipped","title":"should ignore events for non-existent streams","failureMessages":[],"meta":{}},{"ancestorTitles":["StreamingHandler","endStream"],"fullName":"StreamingHandler endStream should end an active stream with completed status","status":"skipped","title":"should end an active stream with completed status","failureMessages":[],"meta":{}},{"ancestorTitles":["StreamingHandler","endStream"],"fullName":"StreamingHandler endStream should end an active stream with failed status","status":"skipped","title":"should end an active stream with failed status","failureMessages":[],"meta":{}},{"ancestorTitles":["StreamingHandler","endStream"],"fullName":"StreamingHandler endStream should not throw for non-existent streams","status":"skipped","title":"should not throw for non-existent streams","failureMessages":[],"meta":{}},{"ancestorTitles":["StreamingHandler","getStreamingStats"],"fullName":"StreamingHandler getStreamingStats should return streaming statistics","status":"skipped","title":"should return streaming statistics","failureMessages":[],"meta":{}},{"ancestorTitles":["StreamingHandler","getStreamingStats"],"fullName":"StreamingHandler getStreamingStats should return zero stats when no streams are active","status":"skipped","title":"should return zero stats when no streams are active","failureMessages":[],"meta":{}},{"ancestorTitles":["StreamingHandler","cleanupInactiveStreams"],"fullName":"StreamingHandler cleanupInactiveStreams should clean up inactive streams","status":"skipped","title":"should clean up inactive streams","failureMessages":[],"meta":{}}],"startTime":1759162006402,"endTime":1759162006406.389,"status":"passed","message":"","name":"/home/sam/Genkit-UI/src/agents/orchestrator-agent/__tests__/streaming-handler.spec.ts"}],"coverageMap":{"/home/sam/Genkit-UI/src/agents/orchestrator-agent/logger.ts":{"path":"/home/sam/Genkit-UI/src/agents/orchestrator-agent/logger.ts","all":false,"statementMap":{"0":{"start":{"line":1,"column":0},"end":{"line":1,"column":24}},"4":{"start":{"line":5,"column":0},"end":{"line":5,"column":53}},"7":{"start":{"line":8,"column":0},"end":{"line":8,"column":21}},"8":{"start":{"line":9,"column":0},"end":{"line":9,"column":62}},"9":{"start":{"line":10,"column":0},"end":{"line":10,"column":29}},"10":{"start":{"line":11,"column":0},"end":{"line":11,"column":13}},"11":{"start":{"line":12,"column":0},"end":{"line":12,"column":42}},"12":{"start":{"line":13,"column":0},"end":{"line":13,"column":40}},"13":{"start":{"line":14,"column":0},"end":{"line":14,"column":24}},"14":{"start":{"line":15,"column":0},"end":{"line":15,"column":12}},"15":{"start":{"line":16,"column":0},"end":{"line":16,"column":19}},"16":{"start":{"line":17,"column":0},"end":{"line":17,"column":34}},"17":{"start":{"line":18,"column":0},"end":{"line":18,"column":26}},"18":{"start":{"line":19,"column":0},"end":{"line":19,"column":3}},"19":{"start":{"line":20,"column":0},"end":{"line":20,"column":4}},"24":{"start":{"line":25,"column":0},"end":{"line":25,"column":81}},"25":{"start":{"line":26,"column":0},"end":{"line":26,"column":53}},"26":{"start":{"line":27,"column":0},"end":{"line":27,"column":25}},"27":{"start":{"line":28,"column":0},"end":{"line":28,"column":30}},"28":{"start":{"line":29,"column":0},"end":{"line":29,"column":33}},"29":{"start":{"line":30,"column":0},"end":{"line":30,"column":31}},"30":{"start":{"line":31,"column":0},"end":{"line":31,"column":10}},"31":{"start":{"line":32,"column":0},"end":{"line":32,"column":30}},"32":{"start":{"line":33,"column":0},"end":{"line":33,"column":3}},"33":{"start":{"line":34,"column":0},"end":{"line":34,"column":1}}},"s":{"0":1,"4":1,"7":1,"8":1,"9":1,"10":1,"11":1,"12":1,"13":1,"14":1,"15":1,"16":1,"17":1,"18":1,"19":1,"24":1,"25":2,"26":2,"27":0,"28":2,"29":0,"30":2,"31":2,"32":2,"33":2},"branchMap":{"0":{"type":"branch","line":9,"loc":{"start":{"line":9,"column":35},"end":{"line":9,"column":53}},"locations":[{"start":{"line":9,"column":35},"end":{"line":9,"column":53}}]},"1":{"type":"branch","line":13,"loc":{"start":{"line":13,"column":3},"end":{"line":13,"column":24}},"locations":[{"start":{"line":13,"column":3},"end":{"line":13,"column":24}}]},"2":{"type":"branch","line":25,"loc":{"start":{"line":25,"column":7},"end":{"line":34,"column":1}},"locations":[{"start":{"line":25,"column":7},"end":{"line":34,"column":1}}]},"3":{"type":"branch","line":26,"loc":{"start":{"line":26,"column":28},"end":{"line":26,"column":43}},"locations":[{"start":{"line":26,"column":28},"end":{"line":26,"column":43}}]},"4":{"type":"branch","line":27,"loc":{"start":{"line":27,"column":24},"end":{"line":29,"column":13}},"locations":[{"start":{"line":27,"column":24},"end":{"line":29,"column":13}}]},"5":{"type":"branch","line":29,"loc":{"start":{"line":29,"column":32},"end":{"line":31,"column":9}},"locations":[{"start":{"line":29,"column":32},"end":{"line":31,"column":9}}]}},"b":{"0":[0],"1":[0],"2":[2],"3":[0],"4":[0],"5":[0]},"fnMap":{"0":{"name":"log","decl":{"start":{"line":25,"column":7},"end":{"line":34,"column":1}},"loc":{"start":{"line":25,"column":7},"end":{"line":34,"column":1}},"line":25}},"f":{"0":2}},"/home/sam/Genkit-UI/src/agents/orchestrator-agent/streaming-handler.ts":{"path":"/home/sam/Genkit-UI/src/agents/orchestrator-agent/streaming-handler.ts","all":false,"statementMap":{"2":{"start":{"line":3,"column":0},"end":{"line":3,"column":34}},"9":{"start":{"line":10,"column":0},"end":{"line":10,"column":31}},"10":{"start":{"line":11,"column":0},"end":{"line":11,"column":64}},"11":{"start":{"line":12,"column":0},"end":{"line":12,"column":77}},"12":{"start":{"line":13,"column":0},"end":{"line":13,"column":73}},"17":{"start":{"line":18,"column":0},"end":{"line":18,"column":90}},"18":{"start":{"line":19,"column":0},"end":{"line":19,"column":36}},"19":{"start":{"line":20,"column":0},"end":{"line":20,"column":47}},"20":{"start":{"line":21,"column":0},"end":{"line":21,"column":17}},"21":{"start":{"line":22,"column":0},"end":{"line":22,"column":23}},"22":{"start":{"line":23,"column":0},"end":{"line":23,"column":28}},"23":{"start":{"line":24,"column":0},"end":{"line":24,"column":29}},"24":{"start":{"line":25,"column":0},"end":{"line":25,"column":64}},"25":{"start":{"line":26,"column":0},"end":{"line":26,"column":24}},"26":{"start":{"line":27,"column":0},"end":{"line":27,"column":24}},"27":{"start":{"line":28,"column":0},"end":{"line":28,"column":18}},"28":{"start":{"line":29,"column":0},"end":{"line":29,"column":80}},"29":{"start":{"line":30,"column":0},"end":{"line":30,"column":6}},"31":{"start":{"line":32,"column":0},"end":{"line":32,"column":48}},"32":{"start":{"line":33,"column":0},"end":{"line":33,"column":45}},"34":{"start":{"line":35,"column":0},"end":{"line":35,"column":71}},"35":{"start":{"line":36,"column":0},"end":{"line":36,"column":19}},"36":{"start":{"line":37,"column":0},"end":{"line":37,"column":3}},"41":{"start":{"line":42,"column":0},"end":{"line":42,"column":17}},"42":{"start":{"line":43,"column":0},"end":{"line":43,"column":23}},"43":{"start":{"line":44,"column":0},"end":{"line":44,"column":41}},"44":{"start":{"line":45,"column":0},"end":{"line":45,"column":34}},"45":{"start":{"line":46,"column":0},"end":{"line":46,"column":11}},"46":{"start":{"line":47,"column":0},"end":{"line":47,"column":55}},"47":{"start":{"line":48,"column":0},"end":{"line":48,"column":19}},"48":{"start":{"line":49,"column":0},"end":{"line":49,"column":73}},"49":{"start":{"line":50,"column":0},"end":{"line":50,"column":13}},"50":{"start":{"line":51,"column":0},"end":{"line":51,"column":5}},"53":{"start":{"line":54,"column":0},"end":{"line":54,"column":36}},"54":{"start":{"line":55,"column":0},"end":{"line":55,"column":47}},"57":{"start":{"line":58,"column":0},"end":{"line":58,"column":35}},"58":{"start":{"line":59,"column":0},"end":{"line":59,"column":68}},"59":{"start":{"line":60,"column":0},"end":{"line":60,"column":44}},"60":{"start":{"line":61,"column":0},"end":{"line":61,"column":59}},"63":{"start":{"line":64,"column":0},"end":{"line":64,"column":86}},"66":{"start":{"line":67,"column":0},"end":{"line":67,"column":52}},"67":{"start":{"line":68,"column":0},"end":{"line":68,"column":24}},"68":{"start":{"line":69,"column":0},"end":{"line":69,"column":35}},"69":{"start":{"line":70,"column":0},"end":{"line":70,"column":39}},"70":{"start":{"line":71,"column":0},"end":{"line":71,"column":28}},"71":{"start":{"line":72,"column":0},"end":{"line":72,"column":6}},"73":{"start":{"line":74,"column":0},"end":{"line":74,"column":62}},"74":{"start":{"line":75,"column":0},"end":{"line":75,"column":32}},"75":{"start":{"line":76,"column":0},"end":{"line":76,"column":49}},"78":{"start":{"line":79,"column":0},"end":{"line":79,"column":55}},"81":{"start":{"line":82,"column":0},"end":{"line":82,"column":30}},"82":{"start":{"line":83,"column":0},"end":{"line":83,"column":67}},"83":{"start":{"line":84,"column":0},"end":{"line":84,"column":5}},"84":{"start":{"line":85,"column":0},"end":{"line":85,"column":3}},"89":{"start":{"line":90,"column":0},"end":{"line":90,"column":79}},"90":{"start":{"line":91,"column":0},"end":{"line":91,"column":104}},"92":{"start":{"line":93,"column":0},"end":{"line":93,"column":69}},"93":{"start":{"line":94,"column":0},"end":{"line":94,"column":22}},"94":{"start":{"line":95,"column":0},"end":{"line":95,"column":20}},"95":{"start":{"line":96,"column":0},"end":{"line":96,"column":21}},"96":{"start":{"line":97,"column":0},"end":{"line":97,"column":30}},"97":{"start":{"line":98,"column":0},"end":{"line":98,"column":7}},"99":{"start":{"line":100,"column":0},"end":{"line":100,"column":56}},"102":{"start":{"line":103,"column":0},"end":{"line":103,"column":55}},"103":{"start":{"line":104,"column":0},"end":{"line":104,"column":18}},"104":{"start":{"line":105,"column":0},"end":{"line":105,"column":41}},"105":{"start":{"line":106,"column":0},"end":{"line":106,"column":30}},"106":{"start":{"line":107,"column":0},"end":{"line":107,"column":16}},"107":{"start":{"line":108,"column":0},"end":{"line":108,"column":29}},"108":{"start":{"line":109,"column":0},"end":{"line":109,"column":9}},"109":{"start":{"line":110,"column":0},"end":{"line":110,"column":5}},"111":{"start":{"line":112,"column":0},"end":{"line":112,"column":79}},"112":{"start":{"line":113,"column":0},"end":{"line":113,"column":26}},"113":{"start":{"line":114,"column":0},"end":{"line":114,"column":3}},"118":{"start":{"line":119,"column":0},"end":{"line":119,"column":78}},"119":{"start":{"line":120,"column":0},"end":{"line":120,"column":69}},"120":{"start":{"line":121,"column":0},"end":{"line":121,"column":86}},"122":{"start":{"line":123,"column":0},"end":{"line":123,"column":21}},"123":{"start":{"line":124,"column":0},"end":{"line":124,"column":35}},"124":{"start":{"line":125,"column":0},"end":{"line":125,"column":58}},"125":{"start":{"line":126,"column":0},"end":{"line":126,"column":85}},"126":{"start":{"line":127,"column":0},"end":{"line":127,"column":18}},"127":{"start":{"line":128,"column":0},"end":{"line":128,"column":5}},"129":{"start":{"line":130,"column":0},"end":{"line":130,"column":17}},"130":{"start":{"line":131,"column":0},"end":{"line":131,"column":3}},"135":{"start":{"line":136,"column":0},"end":{"line":136,"column":60}},"136":{"start":{"line":137,"column":0},"end":{"line":137,"column":54}},"137":{"start":{"line":138,"column":0},"end":{"line":138,"column":3}},"142":{"start":{"line":143,"column":0},"end":{"line":143,"column":79}},"143":{"start":{"line":144,"column":0},"end":{"line":144,"column":62}},"144":{"start":{"line":145,"column":0},"end":{"line":145,"column":32}},"145":{"start":{"line":146,"column":0},"end":{"line":146,"column":3}},"150":{"start":{"line":151,"column":0},"end":{"line":151,"column":53}},"151":{"start":{"line":152,"column":0},"end":{"line":152,"column":43}},"152":{"start":{"line":153,"column":0},"end":{"line":153,"column":13}},"153":{"start":{"line":154,"column":0},"end":{"line":154,"column":5}},"156":{"start":{"line":157,"column":0},"end":{"line":157,"column":216}},"157":{"start":{"line":158,"column":0},"end":{"line":158,"column":163}},"158":{"start":{"line":159,"column":0},"end":{"line":159,"column":13}},"159":{"start":{"line":160,"column":0},"end":{"line":160,"column":5}},"161":{"start":{"line":162,"column":0},"end":{"line":162,"column":35}},"162":{"start":{"line":163,"column":0},"end":{"line":163,"column":55}},"163":{"start":{"line":164,"column":0},"end":{"line":164,"column":19}},"164":{"start":{"line":165,"column":0},"end":{"line":165,"column":13}},"165":{"start":{"line":166,"column":0},"end":{"line":166,"column":5}},"168":{"start":{"line":169,"column":0},"end":{"line":169,"column":44}},"169":{"start":{"line":170,"column":0},"end":{"line":170,"column":35}},"170":{"start":{"line":171,"column":0},"end":{"line":171,"column":52}},"171":{"start":{"line":172,"column":0},"end":{"line":172,"column":42}},"172":{"start":{"line":173,"column":0},"end":{"line":173,"column":63}},"173":{"start":{"line":174,"column":0},"end":{"line":174,"column":65}},"174":{"start":{"line":175,"column":0},"end":{"line":175,"column":6}},"177":{"start":{"line":178,"column":0},"end":{"line":178,"column":50}},"178":{"start":{"line":179,"column":0},"end":{"line":179,"column":29}},"179":{"start":{"line":180,"column":0},"end":{"line":180,"column":28}},"180":{"start":{"line":181,"column":0},"end":{"line":181,"column":205}},"181":{"start":{"line":182,"column":0},"end":{"line":182,"column":40}},"182":{"start":{"line":183,"column":0},"end":{"line":183,"column":19}},"183":{"start":{"line":184,"column":0},"end":{"line":184,"column":6}},"185":{"start":{"line":186,"column":0},"end":{"line":186,"column":67}},"186":{"start":{"line":187,"column":0},"end":{"line":187,"column":3}},"192":{"start":{"line":193,"column":0},"end":{"line":193,"column":103}},"194":{"start":{"line":195,"column":0},"end":{"line":195,"column":39}},"195":{"start":{"line":196,"column":0},"end":{"line":196,"column":35}},"196":{"start":{"line":197,"column":0},"end":{"line":197,"column":60}},"197":{"start":{"line":198,"column":0},"end":{"line":198,"column":25}},"198":{"start":{"line":199,"column":0},"end":{"line":199,"column":16}},"199":{"start":{"line":200,"column":0},"end":{"line":200,"column":35}},"200":{"start":{"line":201,"column":0},"end":{"line":201,"column":45}},"201":{"start":{"line":202,"column":0},"end":{"line":202,"column":81}},"202":{"start":{"line":203,"column":0},"end":{"line":203,"column":27}},"203":{"start":{"line":204,"column":0},"end":{"line":204,"column":39}},"204":{"start":{"line":205,"column":0},"end":{"line":205,"column":28}},"205":{"start":{"line":206,"column":0},"end":{"line":206,"column":56}},"206":{"start":{"line":207,"column":0},"end":{"line":207,"column":63}},"207":{"start":{"line":208,"column":0},"end":{"line":208,"column":57}},"208":{"start":{"line":209,"column":0},"end":{"line":209,"column":52}},"209":{"start":{"line":210,"column":0},"end":{"line":210,"column":20}},"210":{"start":{"line":211,"column":0},"end":{"line":211,"column":48}},"211":{"start":{"line":212,"column":0},"end":{"line":212,"column":32}},"212":{"start":{"line":213,"column":0},"end":{"line":213,"column":103}},"213":{"start":{"line":214,"column":0},"end":{"line":214,"column":63}},"214":{"start":{"line":215,"column":0},"end":{"line":215,"column":57}},"215":{"start":{"line":216,"column":0},"end":{"line":216,"column":52}},"216":{"start":{"line":217,"column":0},"end":{"line":217,"column":20}},"217":{"start":{"line":218,"column":0},"end":{"line":218,"column":50}},"218":{"start":{"line":219,"column":0},"end":{"line":219,"column":32}},"219":{"start":{"line":220,"column":0},"end":{"line":220,"column":91}},"220":{"start":{"line":221,"column":0},"end":{"line":221,"column":25}},"221":{"start":{"line":222,"column":0},"end":{"line":222,"column":5}},"223":{"start":{"line":224,"column":0},"end":{"line":224,"column":22}},"224":{"start":{"line":225,"column":0},"end":{"line":225,"column":13}},"225":{"start":{"line":226,"column":0},"end":{"line":226,"column":5}},"226":{"start":{"line":227,"column":0},"end":{"line":227,"column":55}},"227":{"start":{"line":228,"column":0},"end":{"line":228,"column":19}},"228":{"start":{"line":229,"column":0},"end":{"line":229,"column":13}},"229":{"start":{"line":230,"column":0},"end":{"line":230,"column":5}},"231":{"start":{"line":232,"column":0},"end":{"line":232,"column":44}},"232":{"start":{"line":233,"column":0},"end":{"line":233,"column":28}},"233":{"start":{"line":234,"column":0},"end":{"line":234,"column":27}},"234":{"start":{"line":235,"column":0},"end":{"line":235,"column":42}},"235":{"start":{"line":236,"column":0},"end":{"line":236,"column":33}},"236":{"start":{"line":237,"column":0},"end":{"line":237,"column":6}},"238":{"start":{"line":239,"column":0},"end":{"line":239,"column":50}},"239":{"start":{"line":240,"column":0},"end":{"line":240,"column":47}},"240":{"start":{"line":241,"column":0},"end":{"line":241,"column":24}},"241":{"start":{"line":242,"column":0},"end":{"line":242,"column":13}},"242":{"start":{"line":243,"column":0},"end":{"line":243,"column":40}},"243":{"start":{"line":244,"column":0},"end":{"line":244,"column":19}},"244":{"start":{"line":245,"column":0},"end":{"line":245,"column":6}},"245":{"start":{"line":246,"column":0},"end":{"line":246,"column":67}},"247":{"start":{"line":248,"column":0},"end":{"line":248,"column":82}},"248":{"start":{"line":249,"column":0},"end":{"line":249,"column":118}},"249":{"start":{"line":250,"column":0},"end":{"line":250,"column":5}},"250":{"start":{"line":251,"column":0},"end":{"line":251,"column":3}},"255":{"start":{"line":256,"column":0},"end":{"line":256,"column":90}},"256":{"start":{"line":257,"column":0},"end":{"line":257,"column":55}},"257":{"start":{"line":258,"column":0},"end":{"line":258,"column":19}},"258":{"start":{"line":259,"column":0},"end":{"line":259,"column":13}},"259":{"start":{"line":260,"column":0},"end":{"line":260,"column":5}},"261":{"start":{"line":262,"column":0},"end":{"line":262,"column":33}},"262":{"start":{"line":263,"column":0},"end":{"line":263,"column":33}},"265":{"start":{"line":266,"column":0},"end":{"line":266,"column":69}},"266":{"start":{"line":267,"column":0},"end":{"line":267,"column":39}},"267":{"start":{"line":268,"column":0},"end":{"line":268,"column":41}},"268":{"start":{"line":269,"column":0},"end":{"line":269,"column":30}},"269":{"start":{"line":270,"column":0},"end":{"line":270,"column":16}},"270":{"start":{"line":271,"column":0},"end":{"line":271,"column":20}},"271":{"start":{"line":272,"column":0},"end":{"line":272,"column":29}},"272":{"start":{"line":273,"column":0},"end":{"line":273,"column":9}},"273":{"start":{"line":274,"column":0},"end":{"line":274,"column":7}},"276":{"start":{"line":277,"column":0},"end":{"line":277,"column":22}},"277":{"start":{"line":278,"column":0},"end":{"line":278,"column":44}},"278":{"start":{"line":279,"column":0},"end":{"line":279,"column":46}},"279":{"start":{"line":280,"column":0},"end":{"line":280,"column":48}},"280":{"start":{"line":281,"column":0},"end":{"line":281,"column":41}},"282":{"start":{"line":283,"column":0},"end":{"line":283,"column":96}},"283":{"start":{"line":284,"column":0},"end":{"line":284,"column":3}},"288":{"start":{"line":289,"column":0},"end":{"line":289,"column":39}},"289":{"start":{"line":290,"column":0},"end":{"line":290,"column":66}},"290":{"start":{"line":291,"column":0},"end":{"line":291,"column":72}},"291":{"start":{"line":292,"column":0},"end":{"line":292,"column":51}},"293":{"start":{"line":294,"column":0},"end":{"line":294,"column":12}},"294":{"start":{"line":295,"column":0},"end":{"line":295,"column":42}},"295":{"start":{"line":296,"column":0},"end":{"line":296,"column":23}},"296":{"start":{"line":297,"column":0},"end":{"line":297,"column":47}},"297":{"start":{"line":298,"column":0},"end":{"line":298,"column":86}},"298":{"start":{"line":299,"column":0},"end":{"line":299,"column":12}},"299":{"start":{"line":300,"column":0},"end":{"line":300,"column":44}},"300":{"start":{"line":301,"column":0},"end":{"line":301,"column":78}},"301":{"start":{"line":302,"column":0},"end":{"line":302,"column":14}},"302":{"start":{"line":303,"column":0},"end":{"line":303,"column":6}},"303":{"start":{"line":304,"column":0},"end":{"line":304,"column":3}},"308":{"start":{"line":309,"column":0},"end":{"line":309,"column":63}},"311":{"start":{"line":312,"column":0},"end":{"line":312,"column":62}},"312":{"start":{"line":313,"column":0},"end":{"line":313,"column":114}},"313":{"start":{"line":314,"column":0},"end":{"line":314,"column":97}},"314":{"start":{"line":315,"column":0},"end":{"line":315,"column":3}},"319":{"start":{"line":320,"column":0},"end":{"line":320,"column":71}},"320":{"start":{"line":321,"column":0},"end":{"line":321,"column":55}},"321":{"start":{"line":322,"column":0},"end":{"line":322,"column":19}},"322":{"start":{"line":323,"column":0},"end":{"line":323,"column":15}},"323":{"start":{"line":324,"column":0},"end":{"line":324,"column":5}},"325":{"start":{"line":326,"column":0},"end":{"line":326,"column":62}},"326":{"start":{"line":327,"column":0},"end":{"line":327,"column":61}},"328":{"start":{"line":329,"column":0},"end":{"line":329,"column":37}},"329":{"start":{"line":330,"column":0},"end":{"line":330,"column":44}},"330":{"start":{"line":331,"column":0},"end":{"line":331,"column":5}},"333":{"start":{"line":334,"column":0},"end":{"line":334,"column":24}},"334":{"start":{"line":335,"column":0},"end":{"line":335,"column":68}},"335":{"start":{"line":336,"column":0},"end":{"line":336,"column":40}},"336":{"start":{"line":337,"column":0},"end":{"line":337,"column":61}},"337":{"start":{"line":338,"column":0},"end":{"line":338,"column":46}},"338":{"start":{"line":339,"column":0},"end":{"line":339,"column":12}},"339":{"start":{"line":340,"column":0},"end":{"line":340,"column":3}},"344":{"start":{"line":345,"column":0},"end":{"line":345,"column":87}},"345":{"start":{"line":346,"column":0},"end":{"line":346,"column":69}},"346":{"start":{"line":347,"column":0},"end":{"line":347,"column":39}},"347":{"start":{"line":348,"column":0},"end":{"line":348,"column":41}},"348":{"start":{"line":349,"column":0},"end":{"line":349,"column":32}},"349":{"start":{"line":350,"column":0},"end":{"line":350,"column":15}},"350":{"start":{"line":351,"column":0},"end":{"line":351,"column":29}},"351":{"start":{"line":352,"column":0},"end":{"line":352,"column":9}},"352":{"start":{"line":353,"column":0},"end":{"line":353,"column":7}},"353":{"start":{"line":354,"column":0},"end":{"line":354,"column":3}},"358":{"start":{"line":359,"column":0},"end":{"line":359,"column":88}},"359":{"start":{"line":360,"column":0},"end":{"line":360,"column":9}},"360":{"start":{"line":361,"column":0},"end":{"line":361,"column":54}},"362":{"start":{"line":363,"column":0},"end":{"line":363,"column":65}},"363":{"start":{"line":364,"column":0},"end":{"line":364,"column":40}},"365":{"start":{"line":366,"column":0},"end":{"line":366,"column":59}},"366":{"start":{"line":367,"column":0},"end":{"line":367,"column":43}},"367":{"start":{"line":368,"column":0},"end":{"line":368,"column":58}},"368":{"start":{"line":369,"column":0},"end":{"line":369,"column":7}},"369":{"start":{"line":370,"column":0},"end":{"line":370,"column":21}},"370":{"start":{"line":371,"column":0},"end":{"line":371,"column":96}},"371":{"start":{"line":372,"column":0},"end":{"line":372,"column":5}},"372":{"start":{"line":373,"column":0},"end":{"line":373,"column":3}},"377":{"start":{"line":378,"column":0},"end":{"line":378,"column":68}},"378":{"start":{"line":379,"column":0},"end":{"line":379,"column":27}},"380":{"start":{"line":381,"column":0},"end":{"line":381,"column":71}},"381":{"start":{"line":382,"column":0},"end":{"line":382,"column":56}},"382":{"start":{"line":383,"column":0},"end":{"line":383,"column":77}},"383":{"start":{"line":384,"column":0},"end":{"line":384,"column":48}},"384":{"start":{"line":385,"column":0},"end":{"line":385,"column":7}},"385":{"start":{"line":386,"column":0},"end":{"line":386,"column":5}},"386":{"start":{"line":387,"column":0},"end":{"line":387,"column":3}},"387":{"start":{"line":388,"column":0},"end":{"line":388,"column":1}}},"s":{"2":1,"9":1,"10":2,"11":2,"12":2,"17":2,"18":2,"19":2,"20":2,"21":2,"22":2,"23":2,"24":2,"25":2,"26":2,"27":2,"28":2,"29":2,"31":2,"32":2,"34":2,"35":2,"36":2,"41":2,"42":0,"43":0,"44":0,"45":0,"46":0,"47":0,"48":0,"49":0,"50":0,"53":0,"54":0,"57":0,"58":0,"59":0,"60":0,"63":0,"66":0,"67":0,"68":0,"69":0,"70":0,"71":0,"73":0,"74":0,"75":0,"78":0,"81":0,"82":0,"83":0,"84":0,"89":2,"90":0,"92":0,"93":0,"94":0,"95":0,"96":0,"97":0,"99":0,"102":0,"103":0,"104":0,"105":0,"106":0,"107":0,"108":0,"109":0,"111":0,"112":0,"113":0,"118":2,"119":0,"120":0,"122":0,"123":0,"124":0,"125":0,"126":0,"127":0,"129":0,"130":0,"135":2,"136":0,"137":0,"142":2,"143":2,"144":2,"145":2,"150":2,"151":0,"152":0,"153":0,"156":0,"157":0,"158":0,"159":0,"161":0,"162":0,"163":0,"164":0,"165":0,"168":0,"169":0,"170":0,"171":0,"172":0,"173":0,"174":0,"177":0,"178":0,"179":0,"180":0,"181":0,"182":0,"183":0,"185":0,"186":0,"192":2,"194":0,"195":0,"196":0,"197":0,"198":0,"199":0,"200":0,"201":0,"202":0,"203":0,"204":0,"205":0,"206":0,"207":0,"208":0,"209":0,"210":0,"211":0,"212":0,"213":0,"214":0,"215":0,"216":0,"217":0,"218":0,"219":0,"220":0,"221":0,"223":0,"224":0,"225":0,"226":0,"227":0,"228":0,"229":0,"231":0,"232":0,"233":0,"234":0,"235":0,"236":0,"238":0,"239":0,"240":0,"241":0,"242":0,"243":0,"244":0,"245":0,"247":0,"248":0,"249":0,"250":0,"255":2,"256":0,"257":0,"258":0,"259":0,"261":0,"262":0,"265":0,"266":0,"267":0,"268":0,"269":0,"270":0,"271":0,"272":0,"273":0,"276":0,"277":0,"278":0,"279":0,"280":0,"282":0,"283":0,"288":2,"289":0,"290":0,"291":0,"293":0,"294":0,"295":0,"296":0,"297":0,"298":0,"299":0,"300":0,"301":0,"302":0,"303":0,"308":2,"311":0,"312":0,"313":0,"314":0,"319":2,"320":0,"321":0,"322":0,"323":0,"325":0,"326":0,"328":0,"329":0,"330":0,"333":0,"334":0,"335":0,"336":0,"337":0,"338":0,"339":0,"344":2,"345":0,"346":0,"347":0,"348":0,"349":0,"350":0,"351":0,"352":0,"353":0,"358":2,"359":0,"360":0,"362":0,"363":0,"365":0,"366":0,"367":0,"368":0,"369":0,"370":0,"371":0,"372":0,"377":2,"378":0,"380":0,"381":0,"382":0,"383":0,"384":0,"385":0,"386":0,"387":2},"branchMap":{"0":{"type":"branch","line":10,"loc":{"start":{"line":10,"column":30},"end":{"line":388,"column":1}},"locations":[{"start":{"line":10,"column":30},"end":{"line":388,"column":1}}]},"1":{"type":"branch","line":18,"loc":{"start":{"line":18,"column":2},"end":{"line":37,"column":3}},"locations":[{"start":{"line":18,"column":2},"end":{"line":37,"column":3}}]},"2":{"type":"branch","line":143,"loc":{"start":{"line":143,"column":2},"end":{"line":146,"column":3}},"locations":[{"start":{"line":143,"column":2},"end":{"line":146,"column":3}}]},"3":{"type":"branch","line":144,"loc":{"start":{"line":144,"column":54},"end":{"line":144,"column":62}},"locations":[{"start":{"line":144,"column":54},"end":{"line":144,"column":62}}]}},"b":{"0":[2],"1":[2],"2":[2],"3":[0]},"fnMap":{"0":{"name":"<instance_members_initializer>","decl":{"start":{"line":10,"column":30},"end":{"line":388,"column":1}},"loc":{"start":{"line":10,"column":30},"end":{"line":388,"column":1}},"line":10},"1":{"name":"startStream","decl":{"start":{"line":18,"column":2},"end":{"line":37,"column":3}},"loc":{"start":{"line":18,"column":2},"end":{"line":37,"column":3}},"line":18},"2":{"name":"updateProgress","decl":{"start":{"line":42,"column":2},"end":{"line":85,"column":3}},"loc":{"start":{"line":42,"column":2},"end":{"line":85,"column":3}},"line":42},"3":{"name":"subscribeToStream","decl":{"start":{"line":90,"column":2},"end":{"line":114,"column":3}},"loc":{"start":{"line":90,"column":2},"end":{"line":114,"column":3}},"line":90},"4":{"name":"unsubscribeFromStream","decl":{"start":{"line":119,"column":2},"end":{"line":131,"column":3}},"loc":{"start":{"line":119,"column":2},"end":{"line":131,"column":3}},"line":119},"5":{"name":"getStreamState","decl":{"start":{"line":136,"column":2},"end":{"line":138,"column":3}},"loc":{"start":{"line":136,"column":2},"end":{"line":138,"column":3}},"line":136},"6":{"name":"getRecentProgress","decl":{"start":{"line":143,"column":2},"end":{"line":146,"column":3}},"loc":{"start":{"line":143,"column":2},"end":{"line":146,"column":3}},"line":143},"7":{"name":"handleStreamingMessage","decl":{"start":{"line":151,"column":2},"end":{"line":187,"column":3}},"loc":{"start":{"line":151,"column":2},"end":{"line":187,"column":3}},"line":151},"8":{"name":"handleA2AStreamEvent","decl":{"start":{"line":193,"column":2},"end":{"line":251,"column":3}},"loc":{"start":{"line":193,"column":2},"end":{"line":251,"column":3}},"line":193},"9":{"name":"endStream","decl":{"start":{"line":256,"column":2},"end":{"line":284,"column":3}},"loc":{"start":{"line":256,"column":2},"end":{"line":284,"column":3}},"line":256},"10":{"name":"getStreamingStats","decl":{"start":{"line":289,"column":2},"end":{"line":304,"column":3}},"loc":{"start":{"line":289,"column":2},"end":{"line":304,"column":3}},"line":289},"11":{"name":"calculateCompletedSteps","decl":{"start":{"line":309,"column":10},"end":{"line":315,"column":3}},"loc":{"start":{"line":309,"column":10},"end":{"line":315,"column":3}},"line":309},"12":{"name":"calculateEstimatedTimeRemaining","decl":{"start":{"line":320,"column":10},"end":{"line":340,"column":3}},"loc":{"start":{"line":320,"column":10},"end":{"line":340,"column":3}},"line":320},"13":{"name":"notifySubscribers","decl":{"start":{"line":345,"column":10},"end":{"line":354,"column":3}},"loc":{"start":{"line":345,"column":10},"end":{"line":354,"column":3}},"line":345},"14":{"name":"sendToSubscriber","decl":{"start":{"line":359,"column":10},"end":{"line":373,"column":3}},"loc":{"start":{"line":359,"column":10},"end":{"line":373,"column":3}},"line":359},"15":{"name":"cleanupInactiveStreams","decl":{"start":{"line":378,"column":2},"end":{"line":387,"column":3}},"loc":{"start":{"line":378,"column":2},"end":{"line":387,"column":3}},"line":378}},"f":{"0":2,"1":2,"2":0,"3":0,"4":0,"5":0,"6":2,"7":0,"8":0,"9":0,"10":0,"11":0,"12":0,"13":0,"14":0,"15":0}}}}