{"numTotalTestSuites":59,"numPassedTestSuites":59,"numFailedTestSuites":0,"numPendingTestSuites":0,"numTotalTests":112,"numPassedTests":112,"numFailedTests":0,"numPendingTests":0,"numTodoTests":0,"snapshot":{"added":0,"failure":false,"filesAdded":0,"filesRemoved":0,"filesRemovedList":[],"filesUnmatched":0,"filesUpdated":0,"matched":0,"total":0,"unchecked":0,"uncheckedKeysByFile":[],"unmatched":0,"updated":0,"didUpdate":false},"startTime":1759047747618,"success":true,"testResults":[{"assertionResults":[{"ancestorTitles":["UserFacingError"],"fullName":"UserFacingError sets name and message","status":"passed","title":"sets name and message","duration":7.569687992334366,"failureMessages":[],"meta":{}},{"ancestorTitles":["UserFacingError"],"fullName":"UserFacingError stores details when provided","status":"passed","title":"stores details when provided","duration":2.085797995328903,"failureMessages":[],"meta":{}}],"startTime":1759047751681,"endTime":1759047751691.0857,"status":"passed","message":"","name":"/home/sam/Genkit-UI/src/errors/__tests__/UserFacingError.test.ts"},{"assertionResults":[{"ancestorTitles":["academicResearchFlow"],"fullName":"academicResearchFlow returns validated academic research","status":"passed","title":"returns validated academic research","duration":21.293329000473022,"failureMessages":[],"meta":{}},{"ancestorTitles":["academicResearchFlow"],"fullName":"academicResearchFlow throws UserFacingError on schema parse failure","status":"passed","title":"throws UserFacingError on schema parse failure","duration":25.612534016370773,"failureMessages":[],"meta":{}}],"startTime":1759047750619,"endTime":1759047750666.6125,"status":"passed","message":"","name":"/home/sam/Genkit-UI/src/flows/__tests__/academicResearchFlow.test.ts"},{"assertionResults":[{"ancestorTitles":["coderEvalFlow"],"fullName":"coderEvalFlow extracts filenames from output.files","status":"passed","title":"extracts filenames from output.files","duration":9.317304015159607,"failureMessages":[],"meta":{}},{"ancestorTitles":["coderEvalFlow"],"fullName":"coderEvalFlow returns empty filenames when files invalid","status":"passed","title":"returns empty filenames when files invalid","duration":1.5793949961662292,"failureMessages":[],"meta":{}}],"startTime":1759047752643,"endTime":1759047752654.5793,"status":"passed","message":"","name":"/home/sam/Genkit-UI/src/flows/__tests__/coderEvalFlow.test.ts"},{"assertionResults":[{"ancestorTitles":["coderStreamingFlow"],"fullName":"coderStreamingFlow streams chunks and extracts filenames","status":"passed","title":"streams chunks and extracts filenames","duration":26.960319012403488,"failureMessages":[],"meta":{}},{"ancestorTitles":["coderStreamingFlow"],"fullName":"coderStreamingFlow handles object chunk without text and invalid files schema","status":"passed","title":"handles object chunk without text and invalid files schema","duration":3.3417109847068787,"failureMessages":[],"meta":{}}],"startTime":1759047751492,"endTime":1759047751523.3418,"status":"passed","message":"","name":"/home/sam/Genkit-UI/src/flows/__tests__/coderStreamingFlow.test.ts"},{"assertionResults":[{"ancestorTitles":["contentEditorFlow"],"fullName":"contentEditorFlow maps string output to { edited }","status":"passed","title":"maps string output to { edited }","duration":25.44683399796486,"failureMessages":[],"meta":{}},{"ancestorTitles":["contentEditorFlow"],"fullName":"contentEditorFlow throws UserFacingError when output is null/undefined","status":"passed","title":"throws UserFacingError when output is null/undefined","duration":13.828310996294022,"failureMessages":[],"meta":{}},{"ancestorTitles":["contentEditorFlow"],"fullName":"contentEditorFlow parses object output via schema","status":"passed","title":"parses object output via schema","duration":5.461870014667511,"failureMessages":[],"meta":{}},{"ancestorTitles":["contentEditorFlow"],"fullName":"contentEditorFlow throws UserFacingError on schema validation failure","status":"passed","title":"throws UserFacingError on schema validation failure","duration":2.8747209906578064,"failureMessages":[],"meta":{}},{"ancestorTitles":["contentEditorFlow"],"fullName":"contentEditorFlow passes provided context to prompt invocation","status":"passed","title":"passes provided context to prompt invocation","duration":4.817027986049652,"failureMessages":[],"meta":{}}],"startTime":1759047750643,"endTime":1759047750695.8171,"status":"passed","message":"","name":"/home/sam/Genkit-UI/src/flows/__tests__/contentEditorFlow.test.ts"},{"assertionResults":[{"ancestorTitles":["dataAnalysisFlow"],"fullName":"dataAnalysisFlow returns validated analysis","status":"passed","title":"returns validated analysis","duration":25.178883016109467,"failureMessages":[],"meta":{}},{"ancestorTitles":["dataAnalysisFlow"],"fullName":"dataAnalysisFlow throws UserFacingError on invalid schema output","status":"passed","title":"throws UserFacingError on invalid schema output","duration":25.87685599923134,"failureMessages":[],"meta":{}}],"startTime":1759047750637,"endTime":1759047750687.877,"status":"passed","message":"","name":"/home/sam/Genkit-UI/src/flows/__tests__/dataAnalysisFlow.test.ts"},{"assertionResults":[{"ancestorTitles":["indexDocumentsFlow"],"fullName":"indexDocumentsFlow indexes provided text and returns success","status":"passed","title":"indexes provided text and returns success","duration":4.791786998510361,"failureMessages":[],"meta":{}},{"ancestorTitles":["indexDocumentsFlow"],"fullName":"indexDocumentsFlow returns error when no text is provided and no filePath","status":"passed","title":"returns error when no text is provided and no filePath","duration":10.343629002571106,"failureMessages":[],"meta":{}},{"ancestorTitles":["indexDocumentsFlow"],"fullName":"indexDocumentsFlow reads PDF when filePath provided and indexes","status":"passed","title":"reads PDF when filePath provided and indexes","duration":0.9329930245876312,"failureMessages":[],"meta":{}},{"ancestorTitles":["indexDocumentsFlow"],"fullName":"indexDocumentsFlow handles chunk result undefined (toStringArray returns empty)","status":"passed","title":"handles chunk result undefined (toStringArray returns empty)","duration":0.5753819942474365,"failureMessages":[],"meta":{}},{"ancestorTitles":["indexDocumentsFlow"],"fullName":"indexDocumentsFlow handles chunk result as non-array string (toStringArray wraps it)","status":"passed","title":"handles chunk result as non-array string (toStringArray wraps it)","duration":0.8437740206718445,"failureMessages":[],"meta":{}},{"ancestorTitles":["indexDocumentsFlow"],"fullName":"indexDocumentsFlow catches errors and returns error message","status":"passed","title":"catches errors and returns error message","duration":4.0341140031814575,"failureMessages":[],"meta":{}},{"ancestorTitles":["indexDocumentsFlow"],"fullName":"indexDocumentsFlow catches non-Error rejections and stringifies them","status":"passed","title":"catches non-Error rejections and stringifies them","duration":0.3685320019721985,"failureMessages":[],"meta":{}},{"ancestorTitles":["indexDocumentsFlow"],"fullName":"indexDocumentsFlow filters non-string chunks when array provided","status":"passed","title":"filters non-string chunks when array provided","duration":0.6050719916820526,"failureMessages":[],"meta":{}},{"ancestorTitles":["indexDocumentsFlow"],"fullName":"indexDocumentsFlow handles chunk result null (toStringArray returns empty)","status":"passed","title":"handles chunk result null (toStringArray returns empty)","duration":0.4955120086669922,"failureMessages":[],"meta":{}},{"ancestorTitles":["indexDocumentsFlow"],"fullName":"indexDocumentsFlow reads PDF with non-string text coerced to empty and returns error when no text","status":"passed","title":"reads PDF with non-string text coerced to empty and returns error when no text","duration":1.2661049962043762,"failureMessages":[],"meta":{}}],"startTime":1759047752289,"endTime":1759047752313.266,"status":"passed","message":"","name":"/home/sam/Genkit-UI/src/flows/__tests__/indexDocumentsFlow.test.ts"},{"assertionResults":[{"ancestorTitles":["newsResearchFlow"],"fullName":"newsResearchFlow returns validated news research","status":"passed","title":"returns validated news research","duration":14.711334019899368,"failureMessages":[],"meta":{}},{"ancestorTitles":["newsResearchFlow"],"fullName":"newsResearchFlow throws UserFacingError on invalid schema output","status":"passed","title":"throws UserFacingError on invalid schema output","duration":7.090167015790939,"failureMessages":[],"meta":{}}],"startTime":1759047751670,"endTime":1759047751692.09,"status":"passed","message":"","name":"/home/sam/Genkit-UI/src/flows/__tests__/newsResearchFlow.test.ts"},{"assertionResults":[{"ancestorTitles":["orchestratorFlow"],"fullName":"orchestratorFlow delegates to orchestrator agent and returns planId","status":"passed","title":"delegates to orchestrator agent and returns planId","duration":6.508904010057449,"failureMessages":[],"meta":{}},{"ancestorTitles":["orchestratorFlow"],"fullName":"orchestratorFlow throws on non-ok response","status":"passed","title":"throws on non-ok response","duration":4.2969160079956055,"failureMessages":[],"meta":{}},{"ancestorTitles":["orchestratorFlow"],"fullName":"orchestratorFlow throws on invalid TaskResponse shape","status":"passed","title":"throws on invalid TaskResponse shape","duration":0.9061329960823059,"failureMessages":[],"meta":{}}],"startTime":1759047751380,"endTime":1759047751391.9062,"status":"passed","message":"","name":"/home/sam/Genkit-UI/src/flows/__tests__/orchestratorFlow.test.ts"},{"assertionResults":[{"ancestorTitles":["planningFlow"],"fullName":"planningFlow returns a ResearchPlan","status":"passed","title":"returns a ResearchPlan","duration":22.59892299771309,"failureMessages":[],"meta":{}},{"ancestorTitles":["planningFlow"],"fullName":"planningFlow throws Error when planning prompt returns invalid plan","status":"passed","title":"throws Error when planning prompt returns invalid plan","duration":26.62949800491333,"failureMessages":[],"meta":{}}],"startTime":1759047750432,"endTime":1759047750481.6294,"status":"passed","message":"","name":"/home/sam/Genkit-UI/src/flows/__tests__/planningFlow.test.ts"},{"assertionResults":[{"ancestorTitles":["ragFlow"],"fullName":"ragFlow returns answer with citations","status":"passed","title":"returns answer with citations","duration":3.9478039741516113,"failureMessages":[],"meta":{}},{"ancestorTitles":["ragFlow"],"fullName":"ragFlow handles empty retrieve results gracefully","status":"passed","title":"handles empty retrieve results gracefully","duration":0.5301220118999481,"failureMessages":[],"meta":{}},{"ancestorTitles":["ragFlow"],"fullName":"ragFlow does not fallback to top-level id when metadata missing","status":"passed","title":"does not fallback to top-level id when metadata missing","duration":1.2927750051021576,"failureMessages":[],"meta":{}},{"ancestorTitles":["ragFlow"],"fullName":"ragFlow handles non-array retrieve result by returning empty citations","status":"passed","title":"handles non-array retrieve result by returning empty citations","duration":0.26781100034713745,"failureMessages":[],"meta":{}}],"startTime":1759047752811,"endTime":1759047752817.2927,"status":"passed","message":"","name":"/home/sam/Genkit-UI/src/flows/__tests__/ragFlow.test.ts"},{"assertionResults":[{"ancestorTitles":["recipeGeneratorFlow"],"fullName":"recipeGeneratorFlow returns generated recipe structure","status":"passed","title":"returns generated recipe structure","duration":2.9102310240268707,"failureMessages":[],"meta":{}},{"ancestorTitles":["recipeGeneratorFlow"],"fullName":"recipeGeneratorFlow throws when output is missing","status":"passed","title":"throws when output is missing","duration":2.781200021505356,"failureMessages":[],"meta":{}}],"startTime":1759047752702,"endTime":1759047752707.7812,"status":"passed","message":"","name":"/home/sam/Genkit-UI/src/flows/__tests__/recipeGeneratorFlow.test.ts"},{"assertionResults":[{"ancestorTitles":["weatherFlow"],"fullName":"weatherFlow should return a human-readable weather report","status":"passed","title":"should return a human-readable weather report","duration":103.6746129989624,"failureMessages":[],"meta":{}},{"ancestorTitles":["weatherFlow"],"fullName":"weatherFlow handles weatherTool returning a string","status":"passed","title":"handles weatherTool returning a string","duration":1.294863998889923,"failureMessages":[],"meta":{}},{"ancestorTitles":["weatherFlow"],"fullName":"weatherFlow includes gusts when windGust > 0","status":"passed","title":"includes gusts when windGust > 0","duration":1.2959849834442139,"failureMessages":[],"meta":{}}],"startTime":1759047750926,"endTime":1759047751033.296,"status":"passed","message":"","name":"/home/sam/Genkit-UI/src/flows/__tests__/weatherFlow.test.ts"},{"assertionResults":[{"ancestorTitles":["webResearchFlow"],"fullName":"webResearchFlow validates and returns structured research","status":"passed","title":"validates and returns structured research","duration":36.45789498090744,"failureMessages":[],"meta":{}},{"ancestorTitles":["webResearchFlow"],"fullName":"webResearchFlow throws UserFacingError on schema parse failure","status":"passed","title":"throws UserFacingError on schema parse failure","duration":27.085970014333725,"failureMessages":[],"meta":{}}],"startTime":1759047750622,"endTime":1759047750685.086,"status":"passed","message":"","name":"/home/sam/Genkit-UI/src/flows/__tests__/webResearchFlow.test.ts"},{"assertionResults":[{"ancestorTitles":["webScrapingFlow"],"fullName":"webScrapingFlow returns validated envelope from tool","status":"passed","title":"returns validated envelope from tool","duration":364.36479601264,"failureMessages":[],"meta":{}},{"ancestorTitles":["webScrapingFlow"],"fullName":"webScrapingFlow throws UserFacingError when tool returns invalid envelope","status":"passed","title":"throws UserFacingError when tool returns invalid envelope","duration":19.63358199596405,"failureMessages":[],"meta":{}}],"startTime":1759047750846,"endTime":1759047751230.6335,"status":"passed","message":"","name":"/home/sam/Genkit-UI/src/flows/__tests__/webScrapingFlow.test.ts"},{"assertionResults":[{"ancestorTitles":["AcademicSearchUtils"],"fullName":"AcademicSearchUtils searchScholar composes query with author and venue","status":"passed","title":"searchScholar composes query with author and venue","duration":9.97580698132515,"failureMessages":[],"meta":{}},{"ancestorTitles":["AcademicSearchUtils"],"fullName":"AcademicSearchUtils searchArXiv parses XML and extracts entries","status":"passed","title":"searchArXiv parses XML and extracts entries","duration":4.297254979610443,"failureMessages":[],"meta":{}},{"ancestorTitles":["AcademicSearchUtils"],"fullName":"AcademicSearchUtils searchSemanticScholar without key returns empty result with error","status":"passed","title":"searchSemanticScholar without key returns empty result with error","duration":14.864785015583038,"failureMessages":[],"meta":{}},{"ancestorTitles":["AcademicSearchUtils"],"fullName":"AcademicSearchUtils comprehensiveSearch deduplicates and sorts","status":"passed","title":"comprehensiveSearch deduplicates and sorts","duration":3.2073120176792145,"failureMessages":[],"meta":{}}],"startTime":1759047748923,"endTime":1759047748955.2073,"status":"passed","message":"","name":"/home/sam/Genkit-UI/src/agents/academic-research-agent/__tests__/academic-search.spec.ts"},{"assertionResults":[{"ancestorTitles":["NewsSearchUtils"],"fullName":"NewsSearchUtils searchGoogleNews composes params and parses results","status":"passed","title":"searchGoogleNews composes params and parses results","duration":7.164395987987518,"failureMessages":[],"meta":{}},{"ancestorTitles":["NewsSearchUtils"],"fullName":"NewsSearchUtils searchNewsAPI without key returns empty result and error","status":"passed","title":"searchNewsAPI without key returns empty result and error","duration":33.27043300867081,"failureMessages":[],"meta":{}},{"ancestorTitles":["NewsSearchUtils"],"fullName":"NewsSearchUtils comprehensiveNewsSearch merges sources and de-duplicates","status":"passed","title":"comprehensiveNewsSearch merges sources and de-duplicates","duration":5.2970090210437775,"failureMessages":[],"meta":{}},{"ancestorTitles":["NewsSearchUtils"],"fullName":"NewsSearchUtils getTrendingTopics parses top stories and ranking","status":"passed","title":"getTrendingTopics parses top stories and ranking","duration":1.5331760048866272,"failureMessages":[],"meta":{}}],"startTime":1759047748932,"endTime":1759047748979.5332,"status":"passed","message":"","name":"/home/sam/Genkit-UI/src/agents/news-research-agent/__tests__/news-search.spec.ts"},{"assertionResults":[{"ancestorTitles":["A2ACommunicationManager"],"fullName":"A2ACommunicationManager succeeds sending a task and returns TaskResponse","status":"passed","title":"succeeds sending a task and returns TaskResponse","duration":11.276230990886688,"failureMessages":[],"meta":{}},{"ancestorTitles":["A2ACommunicationManager"],"fullName":"A2ACommunicationManager throws when agent returns invalid TaskResponse","status":"passed","title":"throws when agent returns invalid TaskResponse","duration":5.6110299825668335,"failureMessages":[],"meta":{}},{"ancestorTitles":["A2ACommunicationManager"],"fullName":"A2ACommunicationManager throws if endpoint is not configured for agent type","status":"passed","title":"throws if endpoint is not configured for agent type","duration":1.6620060205459595,"failureMessages":[],"meta":{}},{"ancestorTitles":["A2ACommunicationManager"],"fullName":"A2ACommunicationManager throws when fetch responds non-ok and cleans pending","status":"passed","title":"throws when fetch responds non-ok and cleans pending","duration":1.4267250001430511,"failureMessages":[],"meta":{}},{"ancestorTitles":["A2ACommunicationManager"],"fullName":"A2ACommunicationManager marks task as pending before completion and supports cancel","status":"passed","title":"marks task as pending before completion and supports cancel","duration":5.983341991901398,"failureMessages":[],"meta":{}},{"ancestorTitles":["A2ACommunicationManager"],"fullName":"A2ACommunicationManager handles timeout path before fetch resolves (using fake timers)","status":"passed","title":"handles timeout path before fetch resolves (using fake timers)","duration":17.973117023706436,"failureMessages":[],"meta":{}},{"ancestorTitles":["A2ACommunicationManager"],"fullName":"A2ACommunicationManager sendParallelTasks propagates rejection when any task fails","status":"passed","title":"sendParallelTasks propagates rejection when any task fails","duration":2.5896000266075134,"failureMessages":[],"meta":{}},{"ancestorTitles":["A2ACommunicationManager"],"fullName":"A2ACommunicationManager cancelTask returns false when task not found","status":"passed","title":"cancelTask returns false when task not found","duration":0.6368820071220398,"failureMessages":[],"meta":{}},{"ancestorTitles":["A2ACommunicationManager"],"fullName":"A2ACommunicationManager exposes and updates agent endpoints","status":"passed","title":"exposes and updates agent endpoints","duration":0.9539929926395416,"failureMessages":[],"meta":{}},{"ancestorTitles":["A2ACommunicationManager"],"fullName":"A2ACommunicationManager sendParallelTasks returns multiple responses","status":"passed","title":"sendParallelTasks returns multiple responses","duration":3.8900139927864075,"failureMessages":[],"meta":{}},{"ancestorTitles":["A2ACommunicationManager"],"fullName":"A2ACommunicationManager sendTaskStream falls back to single request and emits synthetic message","status":"passed","title":"sendTaskStream falls back to single request and emits synthetic message","duration":10.079957008361816,"failureMessages":[],"meta":{}},{"ancestorTitles":["A2ACommunicationManager"],"fullName":"A2ACommunicationManager sendTask uses A2AClient when enabled","status":"passed","title":"sendTask uses A2AClient when enabled","duration":2.3657180070877075,"failureMessages":[],"meta":{}},{"ancestorTitles":["A2ACommunicationManager"],"fullName":"A2ACommunicationManager sendTaskStream uses A2AClient streaming when enabled and cancel triggers client.cancelTask","status":"passed","title":"sendTaskStream uses A2AClient streaming when enabled and cancel triggers client.cancelTask","duration":4.593716979026794,"failureMessages":[],"meta":{}},{"ancestorTitles":["MessageRouter"],"fullName":"MessageRouter routes task-request to communication manager.sendTask","status":"passed","title":"routes task-request to communication manager.sendTask","duration":1.5300759971141815,"failureMessages":[],"meta":{}},{"ancestorTitles":["MessageRouter"],"fullName":"MessageRouter handles status-update and error messages without throwing","status":"passed","title":"handles status-update and error messages without throwing","duration":8.93656301498413,"failureMessages":[],"meta":{}},{"ancestorTitles":["MessageRouter"],"fullName":"MessageRouter throws on unknown message type and on unimplemented task-response","status":"passed","title":"throws on unknown message type and on unimplemented task-response","duration":1.335435003042221,"failureMessages":[],"meta":{}},{"ancestorTitles":["MessageRouter"],"fullName":"MessageRouter determines agent type from task type in task-request","status":"passed","title":"determines agent type from task type in task-request","duration":1.2489150166511536,"failureMessages":[],"meta":{}},{"ancestorTitles":["MessageRouter"],"fullName":"MessageRouter handles cancel messages and delegates to communication manager.cancelTask","status":"passed","title":"handles cancel messages and delegates to communication manager.cancelTask","duration":1.5259750187397003,"failureMessages":[],"meta":{}},{"ancestorTitles":["MessageRouter"],"fullName":"MessageRouter rejects cancel messages with invalid payload","status":"passed","title":"rejects cancel messages with invalid payload","duration":9.600946009159088,"failureMessages":[],"meta":{}}],"startTime":1759047749049,"endTime":1759047749148.6008,"status":"passed","message":"","name":"/home/sam/Genkit-UI/src/agents/orchestrator-agent/__tests__/a2a-communication.spec.ts"},{"assertionResults":[{"ancestorTitles":["OrchestratorAgentExecutor"],"fullName":"OrchestratorAgentExecutor delegates actions and publishes updates","status":"passed","title":"delegates actions and publishes updates","duration":40.478228986263275,"failureMessages":[],"meta":{}},{"ancestorTitles":["OrchestratorAgentExecutor"],"fullName":"OrchestratorAgentExecutor cancelTask publishes canceled status","status":"passed","title":"cancelTask publishes canceled status","duration":1.1024250090122223,"failureMessages":[],"meta":{}}],"startTime":1759047749405,"endTime":1759047749446.1025,"status":"passed","message":"","name":"/home/sam/Genkit-UI/src/agents/orchestrator-agent/__tests__/orchestrator.spec.ts"},{"assertionResults":[{"ancestorTitles":["TaskDelegator"],"fullName":"TaskDelegator delegates only executable steps and respects priority","status":"passed","title":"delegates only executable steps and respects priority","duration":23.18400600552559,"failureMessages":[],"meta":{}},{"ancestorTitles":["TaskDelegator"],"fullName":"TaskDelegator marks execution completed when sendTask resolves and stores normalized TaskResponse","status":"passed","title":"marks execution completed when sendTask resolves and stores normalized TaskResponse","duration":12.184094995260239,"failureMessages":[],"meta":{}},{"ancestorTitles":["TaskDelegator"],"fullName":"TaskDelegator marks execution failed when sendTask rejects","status":"passed","title":"marks execution failed when sendTask rejects","duration":2.912669986486435,"failureMessages":[],"meta":{}},{"ancestorTitles":["TaskDelegator"],"fullName":"TaskDelegator cancelTask cancels active task and removes it","status":"passed","title":"cancelTask cancels active task and removes it","duration":2.051176995038986,"failureMessages":[],"meta":{}},{"ancestorTitles":["TaskDelegator"],"fullName":"TaskDelegator cleanupCompletedTasks removes finished executions","status":"passed","title":"cleanupCompletedTasks removes finished executions","duration":6.7009449899196625,"failureMessages":[],"meta":{}},{"ancestorTitles":["TaskDelegator"],"fullName":"TaskDelegator infers agent type from description when unspecified","status":"passed","title":"infers agent type from description when unspecified","duration":11.234382003545761,"failureMessages":[],"meta":{}},{"ancestorTitles":["TaskDelegator"],"fullName":"TaskDelegator maps step descriptions to specific task types","status":"passed","title":"maps step descriptions to specific task types","duration":2.863739997148514,"failureMessages":[],"meta":{}},{"ancestorTitles":["TaskDelegator"],"fullName":"TaskDelegator extracts agent-specific parameters","status":"passed","title":"extracts agent-specific parameters","duration":5.091928988695145,"failureMessages":[],"meta":{}},{"ancestorTitles":["TaskDelegator"],"fullName":"TaskDelegator normalizes diverse response shapes into result","status":"passed","title":"normalizes diverse response shapes into result","duration":12.449505984783173,"failureMessages":[],"meta":{}},{"ancestorTitles":["TaskDelegator"],"fullName":"TaskDelegator skips steps that throw during request creation (planning/orchestrator cases)","status":"passed","title":"skips steps that throw during request creation (planning/orchestrator cases)","duration":5.25136998295784,"failureMessages":[],"meta":{}}],"startTime":1759047749029,"endTime":1759047749114.2515,"status":"passed","message":"","name":"/home/sam/Genkit-UI/src/agents/orchestrator-agent/__tests__/task-delegator.spec.ts"},{"assertionResults":[{"ancestorTitles":["ContingencyPlanner"],"fullName":"ContingencyPlanner creates and optimizes contingency plans and gives recommendations","status":"passed","title":"creates and optimizes contingency plans and gives recommendations","duration":13.532719999551773,"failureMessages":[],"meta":{}}],"startTime":1759047748904,"endTime":1759047748917.5327,"status":"passed","message":"","name":"/home/sam/Genkit-UI/src/agents/planning-agent/__tests__/contingency-planner.spec.ts"},{"assertionResults":[{"ancestorTitles":["DataSourceIdentifier"],"fullName":"DataSourceIdentifier identifies and prioritizes sources based on dimensions and methodology","status":"passed","title":"identifies and prioritizes sources based on dimensions and methodology","duration":25.33091300725937,"failureMessages":[],"meta":{}},{"ancestorTitles":["DataSourceIdentifier"],"fullName":"DataSourceIdentifier validates sources and reports access issues when API keys missing","status":"passed","title":"validates sources and reports access issues when API keys missing","duration":1.1462239921092987,"failureMessages":[],"meta":{}},{"ancestorTitles":["DataSourceIdentifier"],"fullName":"DataSourceIdentifier passes validation when API keys provided","status":"passed","title":"passes validation when API keys provided","duration":0.5699120163917542,"failureMessages":[],"meta":{}}],"startTime":1759047750568,"endTime":1759047750595.5698,"status":"passed","message":"","name":"/home/sam/Genkit-UI/src/agents/planning-agent/__tests__/data-source-identifier.spec.ts"},{"assertionResults":[{"ancestorTitles":["MethodologySelector"],"fullName":"MethodologySelector selects systematic for expert or comprehensive","status":"passed","title":"selects systematic for expert or comprehensive","duration":7.888718992471695,"failureMessages":[],"meta":{}},{"ancestorTitles":["MethodologySelector"],"fullName":"MethodologySelector selects comparative when comparative scope present","status":"passed","title":"selects comparative when comparative scope present","duration":0.907923012971878,"failureMessages":[],"meta":{}},{"ancestorTitles":["MethodologySelector"],"fullName":"MethodologySelector selects case-study for complex + narrow","status":"passed","title":"selects case-study for complex + narrow","duration":0.4328420162200928,"failureMessages":[],"meta":{}},{"ancestorTitles":["MethodologySelector"],"fullName":"MethodologySelector selects exploratory when broad scope or fundamental understanding gap","status":"passed","title":"selects exploratory when broad scope or fundamental understanding gap","duration":0.5280719995498657,"failureMessages":[],"meta":{}},{"ancestorTitles":["MethodologySelector"],"fullName":"MethodologySelector validateMethodology flags academic needs vs exploratory","status":"passed","title":"validateMethodology flags academic needs vs exploratory","duration":0.7126429975032806,"failureMessages":[],"meta":{}}],"startTime":1759047750535,"endTime":1759047750545.7126,"status":"passed","message":"","name":"/home/sam/Genkit-UI/src/agents/planning-agent/__tests__/methodology-selector.spec.ts"},{"assertionResults":[{"ancestorTitles":["QueryAnalyzer"],"fullName":"QueryAnalyzer analyzes complex query with trends and statistics","status":"passed","title":"analyzes complex query with trends and statistics","duration":12.767347007989883,"failureMessages":[],"meta":{}},{"ancestorTitles":["QueryAnalyzer"],"fullName":"QueryAnalyzer defaults to general scope and web research for simple queries","status":"passed","title":"defaults to general scope and web research for simple queries","duration":1.1022439897060394,"failureMessages":[],"meta":{}}],"startTime":1759047751859,"endTime":1759047751873.1023,"status":"passed","message":"","name":"/home/sam/Genkit-UI/src/agents/planning-agent/__tests__/query-analyzer.spec.ts"},{"assertionResults":[{"ancestorTitles":["RiskAssessor"],"fullName":"RiskAssessor assesses risks and produces contingency plans","status":"passed","title":"assesses risks and produces contingency plans","duration":11.756303995847702,"failureMessages":[],"meta":{}}],"startTime":1759047750709,"endTime":1759047750720.7563,"status":"passed","message":"","name":"/home/sam/Genkit-UI/src/agents/planning-agent/__tests__/risk-assessor.spec.ts"},{"assertionResults":[{"ancestorTitles":["StepDecomposer"],"fullName":"StepDecomposer decomposes into preparation, research, analysis, and validation steps","status":"passed","title":"decomposes into preparation, research, analysis, and validation steps","duration":3.513123005628586,"failureMessages":[],"meta":{}},{"ancestorTitles":["StepDecomposer"],"fullName":"StepDecomposer optimizes for parallel execution and computes critical path","status":"passed","title":"optimizes for parallel execution and computes critical path","duration":1.1204040050506592,"failureMessages":[],"meta":{}}],"startTime":1759047748906,"endTime":1759047748910.1204,"status":"passed","message":"","name":"/home/sam/Genkit-UI/src/agents/planning-agent/__tests__/step-decomposer.spec.ts"},{"assertionResults":[{"ancestorTitles":["WebSearchUtils"],"fullName":"WebSearchUtils composes query with site/exclude/fileType and passes to SerpAPI","status":"passed","title":"composes query with site/exclude/fileType and passes to SerpAPI","duration":13.942671984434128,"failureMessages":[],"meta":{}},{"ancestorTitles":["WebSearchUtils"],"fullName":"WebSearchUtils parses answer box and knowledge graph when present","status":"passed","title":"parses answer box and knowledge graph when present","duration":1.0132339894771576,"failureMessages":[],"meta":{}},{"ancestorTitles":["WebSearchUtils"],"fullName":"WebSearchUtils searchScholar appends author filter to query","status":"passed","title":"searchScholar appends author filter to query","duration":1.505614995956421,"failureMessages":[],"meta":{}},{"ancestorTitles":["WebSearchUtils"],"fullName":"WebSearchUtils assesses credibility higher for .edu domains","status":"passed","title":"assesses credibility higher for .edu domains","duration":1.2663249969482422,"failureMessages":[],"meta":{}}],"startTime":1759047748974,"endTime":1759047748992.2664,"status":"passed","message":"","name":"/home/sam/Genkit-UI/src/agents/web-research-agent/__tests__/web-search.spec.ts"},{"assertionResults":[{"ancestorTitles":["interrupt tools"],"fullName":"interrupt tools confirmActionTool approves when resumed status APPROVED","status":"passed","title":"confirmActionTool approves when resumed status APPROVED","duration":21.319068998098373,"failureMessages":[],"meta":{}},{"ancestorTitles":["interrupt tools"],"fullName":"interrupt tools confirmActionTool rejects when resumed status REJECTED","status":"passed","title":"confirmActionTool rejects when resumed status REJECTED","duration":0.9100629985332489,"failureMessages":[],"meta":{}},{"ancestorTitles":["interrupt tools"],"fullName":"interrupt tools confirmActionTool triggers interrupt when no approval","status":"passed","title":"confirmActionTool triggers interrupt when no approval","duration":1.6133460104465485,"failureMessages":[],"meta":{}},{"ancestorTitles":["interrupt tools"],"fullName":"interrupt tools confirmOverwriteTool confirms when resumed.approved true","status":"passed","title":"confirmOverwriteTool confirms when resumed.approved true","duration":1.1750140190124512,"failureMessages":[],"meta":{}},{"ancestorTitles":["interrupt tools"],"fullName":"interrupt tools confirmOverwriteTool declines when resumed.approved false","status":"passed","title":"confirmOverwriteTool declines when resumed.approved false","duration":0.5970520079135895,"failureMessages":[],"meta":{}},{"ancestorTitles":["interrupt tools"],"fullName":"interrupt tools confirmOverwriteTool triggers interrupt when no decision","status":"passed","title":"confirmOverwriteTool triggers interrupt when no decision","duration":0.669393002986908,"failureMessages":[],"meta":{}}],"startTime":1759047751955,"endTime":1759047751981.6694,"status":"passed","message":"","name":"/home/sam/Genkit-UI/src/tools/interrupts/__tests__/confirmTools.test.ts"},{"assertionResults":[{"ancestorTitles":["interrupt resumed metadata schemas"],"fullName":"interrupt resumed metadata schemas parses ResumedMetadataSchema approved true","status":"passed","title":"parses ResumedMetadataSchema approved true","duration":3.1886520087718964,"failureMessages":[],"meta":{}},{"ancestorTitles":["interrupt resumed metadata schemas"],"fullName":"interrupt resumed metadata schemas rejects unexpected fields in ResumedMetadataSchema when strict","status":"passed","title":"rejects unexpected fields in ResumedMetadataSchema when strict","duration":0.9807940125465393,"failureMessages":[],"meta":{}},{"ancestorTitles":["interrupt resumed metadata schemas"],"fullName":"interrupt resumed metadata schemas parses ActionResumedSchema APPROVED","status":"passed","title":"parses ActionResumedSchema APPROVED","duration":0.34484097361564636,"failureMessages":[],"meta":{}},{"ancestorTitles":["interrupt resumed metadata schemas"],"fullName":"interrupt resumed metadata schemas rejects invalid ActionResumedSchema status","status":"passed","title":"rejects invalid ActionResumedSchema status","duration":0.30976200103759766,"failureMessages":[],"meta":{}}],"startTime":1759047752944,"endTime":1759047752949.3447,"status":"passed","message":"","name":"/home/sam/Genkit-UI/src/tools/interrupts/__tests__/interrupts.spec.ts"}],"coverageMap":{"/home/sam/Genkit-UI/src/agents/academic-research-agent/academic-search.ts":{"path":"/home/sam/Genkit-UI/src/agents/academic-research-agent/academic-search.ts","all":false,"statementMap":{"1":{"start":{"line":2,"column":0},"end":{"line":2,"column":34}},"7":{"start":{"line":8,"column":0},"end":{"line":8,"column":34}},"8":{"start":{"line":9,"column":0},"end":{"line":9,"column":29}},"9":{"start":{"line":10,"column":0},"end":{"line":10,"column":40}},"11":{"start":{"line":12,"column":0},"end":{"line":12,"column":68}},"12":{"start":{"line":13,"column":0},"end":{"line":13,"column":72}},"13":{"start":{"line":14,"column":0},"end":{"line":14,"column":103}},"15":{"start":{"line":16,"column":0},"end":{"line":16,"column":27}},"16":{"start":{"line":17,"column":0},"end":{"line":17,"column":100}},"17":{"start":{"line":18,"column":0},"end":{"line":18,"column":5}},"18":{"start":{"line":19,"column":0},"end":{"line":19,"column":3}},"23":{"start":{"line":24,"column":0},"end":{"line":24,"column":104}},"24":{"start":{"line":25,"column":0},"end":{"line":25,"column":9}},"25":{"start":{"line":26,"column":0},"end":{"line":26,"column":28}},"26":{"start":{"line":27,"column":0},"end":{"line":27,"column":17}},"27":{"start":{"line":28,"column":0},"end":{"line":28,"column":33}},"28":{"start":{"line":29,"column":0},"end":{"line":29,"column":33}},"29":{"start":{"line":30,"column":0},"end":{"line":30,"column":33}},"30":{"start":{"line":31,"column":0},"end":{"line":31,"column":50}},"31":{"start":{"line":32,"column":0},"end":{"line":32,"column":8}},"33":{"start":{"line":34,"column":0},"end":{"line":34,"column":70}},"34":{"start":{"line":35,"column":0},"end":{"line":35,"column":50}},"36":{"start":{"line":37,"column":0},"end":{"line":37,"column":54}},"37":{"start":{"line":38,"column":0},"end":{"line":38,"column":21}},"38":{"start":{"line":39,"column":0},"end":{"line":39,"column":60}},"39":{"start":{"line":40,"column":0},"end":{"line":40,"column":115}},"40":{"start":{"line":41,"column":0},"end":{"line":41,"column":5}},"41":{"start":{"line":42,"column":0},"end":{"line":42,"column":3}},"46":{"start":{"line":47,"column":0},"end":{"line":47,"column":98}},"47":{"start":{"line":48,"column":0},"end":{"line":48,"column":9}},"48":{"start":{"line":49,"column":0},"end":{"line":49,"column":28}},"49":{"start":{"line":50,"column":0},"end":{"line":50,"column":28}},"50":{"start":{"line":51,"column":0},"end":{"line":51,"column":43}},"51":{"start":{"line":52,"column":0},"end":{"line":52,"column":49}},"52":{"start":{"line":53,"column":0},"end":{"line":53,"column":46}},"53":{"start":{"line":54,"column":0},"end":{"line":54,"column":52}},"54":{"start":{"line":55,"column":0},"end":{"line":55,"column":8}},"57":{"start":{"line":58,"column":0},"end":{"line":58,"column":71}},"58":{"start":{"line":59,"column":0},"end":{"line":59,"column":69}},"60":{"start":{"line":61,"column":0},"end":{"line":61,"column":61}},"61":{"start":{"line":62,"column":0},"end":{"line":62,"column":40}},"62":{"start":{"line":63,"column":0},"end":{"line":63,"column":44}},"64":{"start":{"line":65,"column":0},"end":{"line":65,"column":52}},"65":{"start":{"line":66,"column":0},"end":{"line":66,"column":21}},"66":{"start":{"line":67,"column":0},"end":{"line":67,"column":51}},"67":{"start":{"line":68,"column":0},"end":{"line":68,"column":106}},"68":{"start":{"line":69,"column":0},"end":{"line":69,"column":5}},"69":{"start":{"line":70,"column":0},"end":{"line":70,"column":3}},"74":{"start":{"line":75,"column":0},"end":{"line":75,"column":116}},"75":{"start":{"line":76,"column":0},"end":{"line":76,"column":9}},"76":{"start":{"line":77,"column":0},"end":{"line":77,"column":40}},"77":{"start":{"line":78,"column":0},"end":{"line":78,"column":67}},"78":{"start":{"line":79,"column":0},"end":{"line":79,"column":7}},"80":{"start":{"line":81,"column":0},"end":{"line":81,"column":28}},"81":{"start":{"line":82,"column":0},"end":{"line":82,"column":14}},"82":{"start":{"line":83,"column":0},"end":{"line":83,"column":43}},"83":{"start":{"line":84,"column":0},"end":{"line":84,"column":44}},"84":{"start":{"line":85,"column":0},"end":{"line":85,"column":104}},"85":{"start":{"line":86,"column":0},"end":{"line":86,"column":8}},"87":{"start":{"line":88,"column":0},"end":{"line":88,"column":71}},"88":{"start":{"line":89,"column":0},"end":{"line":89,"column":89}},"90":{"start":{"line":91,"column":0},"end":{"line":91,"column":72}},"91":{"start":{"line":92,"column":0},"end":{"line":92,"column":41}},"92":{"start":{"line":93,"column":0},"end":{"line":93,"column":18}},"93":{"start":{"line":94,"column":0},"end":{"line":94,"column":49}},"94":{"start":{"line":95,"column":0},"end":{"line":95,"column":9}},"95":{"start":{"line":96,"column":0},"end":{"line":96,"column":9}},"97":{"start":{"line":98,"column":0},"end":{"line":98,"column":74}},"98":{"start":{"line":99,"column":0},"end":{"line":99,"column":62}},"99":{"start":{"line":100,"column":0},"end":{"line":100,"column":21}},"100":{"start":{"line":101,"column":0},"end":{"line":101,"column":62}},"102":{"start":{"line":103,"column":0},"end":{"line":103,"column":14}},"103":{"start":{"line":104,"column":0},"end":{"line":104,"column":14}},"104":{"start":{"line":105,"column":0},"end":{"line":105,"column":24}},"105":{"start":{"line":106,"column":0},"end":{"line":106,"column":19}},"106":{"start":{"line":107,"column":0},"end":{"line":107,"column":71}},"107":{"start":{"line":108,"column":0},"end":{"line":108,"column":8}},"108":{"start":{"line":109,"column":0},"end":{"line":109,"column":5}},"109":{"start":{"line":110,"column":0},"end":{"line":110,"column":3}},"114":{"start":{"line":115,"column":0},"end":{"line":115,"column":122}},"115":{"start":{"line":116,"column":0},"end":{"line":116,"column":40}},"116":{"start":{"line":117,"column":0},"end":{"line":117,"column":32}},"118":{"start":{"line":119,"column":0},"end":{"line":119,"column":9}},"120":{"start":{"line":121,"column":0},"end":{"line":121,"column":92}},"121":{"start":{"line":122,"column":0},"end":{"line":122,"column":101}},"122":{"start":{"line":123,"column":0},"end":{"line":123,"column":21}},"123":{"start":{"line":124,"column":0},"end":{"line":124,"column":97}},"124":{"start":{"line":125,"column":0},"end":{"line":125,"column":5}},"126":{"start":{"line":127,"column":0},"end":{"line":127,"column":9}},"128":{"start":{"line":129,"column":0},"end":{"line":129,"column":88}},"129":{"start":{"line":130,"column":0},"end":{"line":130,"column":90}},"130":{"start":{"line":131,"column":0},"end":{"line":131,"column":21}},"131":{"start":{"line":132,"column":0},"end":{"line":132,"column":88}},"132":{"start":{"line":133,"column":0},"end":{"line":133,"column":5}},"134":{"start":{"line":135,"column":0},"end":{"line":135,"column":9}},"136":{"start":{"line":137,"column":0},"end":{"line":137,"column":101}},"137":{"start":{"line":138,"column":0},"end":{"line":138,"column":46}},"138":{"start":{"line":139,"column":0},"end":{"line":139,"column":106}},"139":{"start":{"line":140,"column":0},"end":{"line":140,"column":7}},"140":{"start":{"line":141,"column":0},"end":{"line":141,"column":21}},"142":{"start":{"line":143,"column":0},"end":{"line":143,"column":61}},"143":{"start":{"line":144,"column":0},"end":{"line":144,"column":5}},"146":{"start":{"line":147,"column":0},"end":{"line":147,"column":58}},"149":{"start":{"line":150,"column":0},"end":{"line":150,"column":34}},"150":{"start":{"line":151,"column":0},"end":{"line":151,"column":155}},"151":{"start":{"line":152,"column":0},"end":{"line":152,"column":155}},"152":{"start":{"line":153,"column":0},"end":{"line":153,"column":29}},"153":{"start":{"line":154,"column":0},"end":{"line":154,"column":7}},"155":{"start":{"line":156,"column":0},"end":{"line":156,"column":24}},"156":{"start":{"line":157,"column":0},"end":{"line":157,"column":12}},"157":{"start":{"line":158,"column":0},"end":{"line":158,"column":41}},"158":{"start":{"line":159,"column":0},"end":{"line":159,"column":58}},"159":{"start":{"line":160,"column":0},"end":{"line":160,"column":70}},"160":{"start":{"line":161,"column":0},"end":{"line":161,"column":6}},"162":{"start":{"line":163,"column":0},"end":{"line":163,"column":28}},"163":{"start":{"line":164,"column":0},"end":{"line":164,"column":39}},"164":{"start":{"line":165,"column":0},"end":{"line":165,"column":5}},"166":{"start":{"line":167,"column":0},"end":{"line":167,"column":22}},"167":{"start":{"line":168,"column":0},"end":{"line":168,"column":3}},"172":{"start":{"line":173,"column":0},"end":{"line":173,"column":113}},"173":{"start":{"line":174,"column":0},"end":{"line":174,"column":55}},"174":{"start":{"line":175,"column":0},"end":{"line":175,"column":22}},"176":{"start":{"line":177,"column":0},"end":{"line":177,"column":27}},"177":{"start":{"line":178,"column":0},"end":{"line":178,"column":39}},"178":{"start":{"line":179,"column":0},"end":{"line":179,"column":5}},"180":{"start":{"line":181,"column":0},"end":{"line":181,"column":25}},"181":{"start":{"line":182,"column":0},"end":{"line":182,"column":37}},"182":{"start":{"line":183,"column":0},"end":{"line":183,"column":5}},"184":{"start":{"line":185,"column":0},"end":{"line":185,"column":25}},"185":{"start":{"line":186,"column":0},"end":{"line":186,"column":41}},"186":{"start":{"line":187,"column":0},"end":{"line":187,"column":5}},"188":{"start":{"line":189,"column":0},"end":{"line":189,"column":24}},"189":{"start":{"line":190,"column":0},"end":{"line":190,"column":40}},"190":{"start":{"line":191,"column":0},"end":{"line":191,"column":5}},"192":{"start":{"line":193,"column":0},"end":{"line":193,"column":28}},"193":{"start":{"line":194,"column":0},"end":{"line":194,"column":3}},"198":{"start":{"line":199,"column":0},"end":{"line":199,"column":100}},"199":{"start":{"line":200,"column":0},"end":{"line":200,"column":104}},"200":{"start":{"line":201,"column":0},"end":{"line":201,"column":65}},"201":{"start":{"line":202,"column":0},"end":{"line":202,"column":27}},"202":{"start":{"line":203,"column":0},"end":{"line":203,"column":25}},"203":{"start":{"line":204,"column":0},"end":{"line":204,"column":55}},"204":{"start":{"line":205,"column":0},"end":{"line":205,"column":59}},"205":{"start":{"line":206,"column":0},"end":{"line":206,"column":58}},"206":{"start":{"line":207,"column":0},"end":{"line":207,"column":37}},"207":{"start":{"line":208,"column":0},"end":{"line":208,"column":8}},"209":{"start":{"line":210,"column":0},"end":{"line":210,"column":61}},"211":{"start":{"line":212,"column":0},"end":{"line":212,"column":55}},"212":{"start":{"line":213,"column":0},"end":{"line":213,"column":50}},"213":{"start":{"line":214,"column":0},"end":{"line":214,"column":7}},"215":{"start":{"line":216,"column":0},"end":{"line":216,"column":53}},"216":{"start":{"line":217,"column":0},"end":{"line":217,"column":49}},"217":{"start":{"line":218,"column":0},"end":{"line":218,"column":7}},"219":{"start":{"line":220,"column":0},"end":{"line":220,"column":36}},"220":{"start":{"line":221,"column":0},"end":{"line":221,"column":7}},"222":{"start":{"line":223,"column":0},"end":{"line":223,"column":12}},"223":{"start":{"line":224,"column":0},"end":{"line":224,"column":12}},"224":{"start":{"line":225,"column":0},"end":{"line":225,"column":79}},"225":{"start":{"line":226,"column":0},"end":{"line":226,"column":12}},"226":{"start":{"line":227,"column":0},"end":{"line":227,"column":6}},"227":{"start":{"line":228,"column":0},"end":{"line":228,"column":3}},"232":{"start":{"line":233,"column":0},"end":{"line":233,"column":80}},"233":{"start":{"line":234,"column":0},"end":{"line":234,"column":36}},"234":{"start":{"line":235,"column":0},"end":{"line":235,"column":49}},"235":{"start":{"line":236,"column":0},"end":{"line":236,"column":14}},"237":{"start":{"line":238,"column":0},"end":{"line":238,"column":57}},"238":{"start":{"line":239,"column":0},"end":{"line":239,"column":32}},"239":{"start":{"line":240,"column":0},"end":{"line":240,"column":22}},"240":{"start":{"line":241,"column":0},"end":{"line":241,"column":17}},"241":{"start":{"line":242,"column":0},"end":{"line":242,"column":61}},"243":{"start":{"line":244,"column":0},"end":{"line":244,"column":66}},"244":{"start":{"line":245,"column":0},"end":{"line":245,"column":55}},"245":{"start":{"line":246,"column":0},"end":{"line":246,"column":71}},"246":{"start":{"line":247,"column":0},"end":{"line":247,"column":71}},"247":{"start":{"line":248,"column":0},"end":{"line":248,"column":67}},"248":{"start":{"line":249,"column":0},"end":{"line":249,"column":83}},"249":{"start":{"line":250,"column":0},"end":{"line":250,"column":61}},"252":{"start":{"line":253,"column":0},"end":{"line":253,"column":79}},"253":{"start":{"line":254,"column":0},"end":{"line":254,"column":90}},"255":{"start":{"line":256,"column":0},"end":{"line":256,"column":33}},"256":{"start":{"line":257,"column":0},"end":{"line":257,"column":14}},"257":{"start":{"line":258,"column":0},"end":{"line":258,"column":16}},"258":{"start":{"line":259,"column":0},"end":{"line":259,"column":17}},"259":{"start":{"line":260,"column":0},"end":{"line":260,"column":16}},"260":{"start":{"line":261,"column":0},"end":{"line":261,"column":19}},"261":{"start":{"line":262,"column":0},"end":{"line":262,"column":15}},"262":{"start":{"line":263,"column":0},"end":{"line":263,"column":8}},"264":{"start":{"line":265,"column":0},"end":{"line":265,"column":25}},"265":{"start":{"line":266,"column":0},"end":{"line":266,"column":49}},"266":{"start":{"line":267,"column":0},"end":{"line":267,"column":7}},"268":{"start":{"line":269,"column":0},"end":{"line":269,"column":23}},"269":{"start":{"line":270,"column":0},"end":{"line":270,"column":45}},"270":{"start":{"line":271,"column":0},"end":{"line":271,"column":7}},"272":{"start":{"line":273,"column":0},"end":{"line":273,"column":25}},"273":{"start":{"line":274,"column":0},"end":{"line":274,"column":5}},"276":{"start":{"line":277,"column":0},"end":{"line":277,"column":104}},"277":{"start":{"line":278,"column":0},"end":{"line":278,"column":101}},"279":{"start":{"line":280,"column":0},"end":{"line":280,"column":12}},"280":{"start":{"line":281,"column":0},"end":{"line":281,"column":12}},"281":{"start":{"line":282,"column":0},"end":{"line":282,"column":19}},"282":{"start":{"line":283,"column":0},"end":{"line":283,"column":12}},"283":{"start":{"line":284,"column":0},"end":{"line":284,"column":6}},"284":{"start":{"line":285,"column":0},"end":{"line":285,"column":3}},"289":{"start":{"line":290,"column":0},"end":{"line":290,"column":114}},"290":{"start":{"line":291,"column":0},"end":{"line":291,"column":105}},"291":{"start":{"line":292,"column":0},"end":{"line":292,"column":53}},"292":{"start":{"line":293,"column":0},"end":{"line":293,"column":37}},"293":{"start":{"line":294,"column":0},"end":{"line":294,"column":33}},"294":{"start":{"line":295,"column":0},"end":{"line":295,"column":93}},"295":{"start":{"line":296,"column":0},"end":{"line":296,"column":39}},"296":{"start":{"line":297,"column":0},"end":{"line":297,"column":8}},"298":{"start":{"line":299,"column":0},"end":{"line":299,"column":37}},"299":{"start":{"line":300,"column":0},"end":{"line":300,"column":33}},"300":{"start":{"line":301,"column":0},"end":{"line":301,"column":7}},"302":{"start":{"line":303,"column":0},"end":{"line":303,"column":38}},"303":{"start":{"line":304,"column":0},"end":{"line":304,"column":35}},"304":{"start":{"line":305,"column":0},"end":{"line":305,"column":7}},"306":{"start":{"line":307,"column":0},"end":{"line":307,"column":46}},"307":{"start":{"line":308,"column":0},"end":{"line":308,"column":51}},"308":{"start":{"line":309,"column":0},"end":{"line":309,"column":7}},"310":{"start":{"line":311,"column":0},"end":{"line":311,"column":57}},"311":{"start":{"line":312,"column":0},"end":{"line":312,"column":73}},"312":{"start":{"line":313,"column":0},"end":{"line":313,"column":7}},"314":{"start":{"line":315,"column":0},"end":{"line":315,"column":46}},"315":{"start":{"line":316,"column":0},"end":{"line":316,"column":32}},"316":{"start":{"line":317,"column":0},"end":{"line":317,"column":39}},"317":{"start":{"line":318,"column":0},"end":{"line":318,"column":47}},"318":{"start":{"line":319,"column":0},"end":{"line":319,"column":47}},"319":{"start":{"line":320,"column":0},"end":{"line":320,"column":10}},"320":{"start":{"line":321,"column":0},"end":{"line":321,"column":7}},"322":{"start":{"line":323,"column":0},"end":{"line":323,"column":44}},"323":{"start":{"line":324,"column":0},"end":{"line":324,"column":7}},"325":{"start":{"line":326,"column":0},"end":{"line":326,"column":12}},"326":{"start":{"line":327,"column":0},"end":{"line":327,"column":12}},"327":{"start":{"line":328,"column":0},"end":{"line":328,"column":51}},"328":{"start":{"line":329,"column":0},"end":{"line":329,"column":12}},"329":{"start":{"line":330,"column":0},"end":{"line":330,"column":6}},"330":{"start":{"line":331,"column":0},"end":{"line":331,"column":3}},"335":{"start":{"line":336,"column":0},"end":{"line":336,"column":71}},"336":{"start":{"line":337,"column":0},"end":{"line":337,"column":39}},"337":{"start":{"line":338,"column":0},"end":{"line":338,"column":35}},"339":{"start":{"line":340,"column":0},"end":{"line":340,"column":33}},"340":{"start":{"line":341,"column":0},"end":{"line":341,"column":87}},"341":{"start":{"line":342,"column":0},"end":{"line":342,"column":81}},"343":{"start":{"line":344,"column":0},"end":{"line":344,"column":32}},"344":{"start":{"line":345,"column":0},"end":{"line":345,"column":27}},"345":{"start":{"line":346,"column":0},"end":{"line":346,"column":27}},"346":{"start":{"line":347,"column":0},"end":{"line":347,"column":7}},"347":{"start":{"line":348,"column":0},"end":{"line":348,"column":5}},"349":{"start":{"line":350,"column":0},"end":{"line":350,"column":18}},"350":{"start":{"line":351,"column":0},"end":{"line":351,"column":3}},"355":{"start":{"line":356,"column":0},"end":{"line":356,"column":118}},"356":{"start":{"line":357,"column":0},"end":{"line":357,"column":24}},"357":{"start":{"line":358,"column":0},"end":{"line":358,"column":38}},"358":{"start":{"line":359,"column":0},"end":{"line":359,"column":102}},"359":{"start":{"line":360,"column":0},"end":{"line":360,"column":12}},"360":{"start":{"line":361,"column":0},"end":{"line":361,"column":65}},"361":{"start":{"line":362,"column":0},"end":{"line":362,"column":5}},"363":{"start":{"line":364,"column":0},"end":{"line":364,"column":37}},"364":{"start":{"line":365,"column":0},"end":{"line":365,"column":48}},"365":{"start":{"line":366,"column":0},"end":{"line":366,"column":3}},"370":{"start":{"line":371,"column":0},"end":{"line":371,"column":52}},"371":{"start":{"line":372,"column":0},"end":{"line":372,"column":86}},"372":{"start":{"line":373,"column":0},"end":{"line":373,"column":39}},"373":{"start":{"line":374,"column":0},"end":{"line":374,"column":60}},"374":{"start":{"line":375,"column":0},"end":{"line":375,"column":42}},"375":{"start":{"line":376,"column":0},"end":{"line":376,"column":28}},"376":{"start":{"line":377,"column":0},"end":{"line":377,"column":3}},"381":{"start":{"line":382,"column":0},"end":{"line":382,"column":55}},"382":{"start":{"line":383,"column":0},"end":{"line":383,"column":77}},"383":{"start":{"line":384,"column":0},"end":{"line":384,"column":41}},"384":{"start":{"line":385,"column":0},"end":{"line":385,"column":53}},"385":{"start":{"line":386,"column":0},"end":{"line":386,"column":34}},"386":{"start":{"line":387,"column":0},"end":{"line":387,"column":26}},"387":{"start":{"line":388,"column":0},"end":{"line":388,"column":3}},"388":{"start":{"line":389,"column":0},"end":{"line":389,"column":1}}},"s":{"1":1,"7":1,"8":5,"9":5,"11":5,"12":5,"13":5,"15":5,"16":0,"17":0,"18":5,"23":5,"24":2,"25":2,"26":2,"27":2,"28":2,"29":2,"30":2,"31":2,"33":2,"34":2,"36":2,"37":2,"38":0,"39":0,"40":0,"41":2,"46":5,"47":2,"48":2,"49":2,"50":2,"51":2,"52":2,"53":2,"54":2,"57":2,"58":2,"60":2,"61":2,"62":2,"64":2,"65":2,"66":0,"67":0,"68":0,"69":2,"74":5,"75":2,"76":2,"77":2,"78":2,"80":0,"81":0,"82":2,"83":2,"84":2,"85":2,"87":2,"88":2,"90":2,"91":2,"92":2,"93":2,"94":2,"95":2,"97":0,"98":0,"99":2,"100":2,"102":2,"103":2,"104":2,"105":2,"106":2,"107":2,"108":2,"109":2,"114":5,"115":1,"116":1,"118":1,"120":1,"121":1,"122":1,"123":0,"124":0,"126":1,"128":1,"129":1,"130":1,"131":0,"132":0,"134":1,"136":1,"137":1,"138":0,"139":0,"140":1,"142":0,"143":0,"146":1,"149":1,"150":0,"151":0,"152":0,"153":1,"155":1,"156":1,"157":1,"158":1,"159":1,"160":1,"162":1,"163":0,"164":0,"166":1,"167":1,"172":5,"173":2,"174":2,"176":2,"177":0,"178":0,"180":2,"181":0,"182":0,"184":2,"185":1,"186":1,"188":2,"189":1,"190":1,"192":2,"193":2,"198":5,"199":2,"200":2,"201":2,"202":2,"203":2,"204":2,"205":2,"206":2,"207":2,"209":2,"211":2,"212":2,"213":2,"215":2,"216":1,"217":1,"219":2,"220":2,"222":2,"223":2,"224":2,"225":2,"226":2,"227":2,"232":5,"233":2,"234":2,"235":2,"237":2,"238":2,"239":2,"240":0,"241":0,"243":2,"244":2,"245":2,"246":2,"247":2,"248":2,"249":2,"252":2,"253":1,"255":2,"256":2,"257":2,"258":2,"259":2,"260":2,"261":2,"262":2,"264":2,"265":1,"266":1,"268":2,"269":1,"270":1,"272":2,"273":2,"276":2,"277":2,"279":2,"280":2,"281":2,"282":2,"283":2,"284":2,"289":5,"290":0,"291":0,"292":0,"293":0,"294":0,"295":0,"296":0,"298":0,"299":0,"300":0,"302":0,"303":0,"304":0,"306":0,"307":0,"308":0,"310":0,"311":0,"312":0,"314":0,"315":0,"316":0,"317":0,"318":0,"319":0,"320":0,"322":0,"323":0,"325":0,"326":0,"327":0,"328":0,"329":0,"330":0,"335":5,"336":1,"337":1,"339":1,"340":2,"341":2,"343":2,"344":1,"345":1,"346":1,"347":2,"349":1,"350":1,"355":5,"356":13,"357":13,"358":3,"359":13,"360":10,"361":10,"363":13,"364":13,"365":13,"370":5,"371":2,"372":2,"373":1,"374":1,"375":2,"376":2,"381":5,"382":2,"383":2,"384":2,"385":2,"386":2,"387":2,"388":5},"branchMap":{"0":{"type":"branch","line":8,"loc":{"start":{"line":8,"column":7},"end":{"line":389,"column":1}},"locations":[{"start":{"line":8,"column":7},"end":{"line":389,"column":1}}]},"1":{"type":"branch","line":12,"loc":{"start":{"line":12,"column":2},"end":{"line":19,"column":3}},"locations":[{"start":{"line":12,"column":2},"end":{"line":19,"column":3}}]},"2":{"type":"branch","line":13,"loc":{"start":{"line":13,"column":23},"end":{"line":13,"column":69}},"locations":[{"start":{"line":13,"column":23},"end":{"line":13,"column":69}}]},"3":{"type":"branch","line":13,"loc":{"start":{"line":13,"column":49},"end":{"line":13,"column":72}},"locations":[{"start":{"line":13,"column":49},"end":{"line":13,"column":72}}]},"4":{"type":"branch","line":16,"loc":{"start":{"line":16,"column":26},"end":{"line":18,"column":5}},"locations":[{"start":{"line":16,"column":26},"end":{"line":18,"column":5}}]},"5":{"type":"branch","line":24,"loc":{"start":{"line":24,"column":2},"end":{"line":42,"column":3}},"locations":[{"start":{"line":24,"column":2},"end":{"line":42,"column":3}}]},"6":{"type":"branch","line":30,"loc":{"start":{"line":30,"column":21},"end":{"line":30,"column":33}},"locations":[{"start":{"line":30,"column":21},"end":{"line":30,"column":33}}]},"7":{"type":"branch","line":38,"loc":{"start":{"line":38,"column":4},"end":{"line":41,"column":5}},"locations":[{"start":{"line":38,"column":4},"end":{"line":41,"column":5}}]},"8":{"type":"branch","line":47,"loc":{"start":{"line":47,"column":2},"end":{"line":70,"column":3}},"locations":[{"start":{"line":47,"column":2},"end":{"line":70,"column":3}}]},"9":{"type":"branch","line":52,"loc":{"start":{"line":52,"column":36},"end":{"line":52,"column":47}},"locations":[{"start":{"line":52,"column":36},"end":{"line":52,"column":47}}]},"10":{"type":"branch","line":66,"loc":{"start":{"line":66,"column":4},"end":{"line":69,"column":5}},"locations":[{"start":{"line":66,"column":4},"end":{"line":69,"column":5}}]},"11":{"type":"branch","line":75,"loc":{"start":{"line":75,"column":2},"end":{"line":110,"column":3}},"locations":[{"start":{"line":75,"column":2},"end":{"line":110,"column":3}}]},"12":{"type":"branch","line":79,"loc":{"start":{"line":79,"column":6},"end":{"line":83,"column":41}},"locations":[{"start":{"line":79,"column":6},"end":{"line":83,"column":41}}]},"13":{"type":"branch","line":84,"loc":{"start":{"line":84,"column":31},"end":{"line":84,"column":42}},"locations":[{"start":{"line":84,"column":31},"end":{"line":84,"column":42}}]},"14":{"type":"branch","line":96,"loc":{"start":{"line":96,"column":7},"end":{"line":100,"column":13}},"locations":[{"start":{"line":96,"column":7},"end":{"line":100,"column":13}}]},"15":{"type":"branch","line":107,"loc":{"start":{"line":107,"column":46},"end":{"line":107,"column":71}},"locations":[{"start":{"line":107,"column":46},"end":{"line":107,"column":71}}]},"16":{"type":"branch","line":115,"loc":{"start":{"line":115,"column":2},"end":{"line":168,"column":3}},"locations":[{"start":{"line":115,"column":2},"end":{"line":168,"column":3}}]},"17":{"type":"branch","line":121,"loc":{"start":{"line":121,"column":78},"end":{"line":121,"column":89}},"locations":[{"start":{"line":121,"column":78},"end":{"line":121,"column":89}}]},"18":{"type":"branch","line":123,"loc":{"start":{"line":123,"column":4},"end":{"line":125,"column":5}},"locations":[{"start":{"line":123,"column":4},"end":{"line":125,"column":5}}]},"19":{"type":"branch","line":129,"loc":{"start":{"line":129,"column":74},"end":{"line":129,"column":85}},"locations":[{"start":{"line":129,"column":74},"end":{"line":129,"column":85}}]},"20":{"type":"branch","line":131,"loc":{"start":{"line":131,"column":4},"end":{"line":133,"column":5}},"locations":[{"start":{"line":131,"column":4},"end":{"line":133,"column":5}}]},"21":{"type":"branch","line":137,"loc":{"start":{"line":137,"column":87},"end":{"line":137,"column":98}},"locations":[{"start":{"line":137,"column":87},"end":{"line":137,"column":98}}]},"22":{"type":"branch","line":138,"loc":{"start":{"line":138,"column":45},"end":{"line":140,"column":7}},"locations":[{"start":{"line":138,"column":45},"end":{"line":140,"column":7}}]},"23":{"type":"branch","line":141,"loc":{"start":{"line":141,"column":4},"end":{"line":144,"column":5}},"locations":[{"start":{"line":141,"column":4},"end":{"line":144,"column":5}}]},"24":{"type":"branch","line":159,"loc":{"start":{"line":159,"column":45},"end":{"line":159,"column":56}},"locations":[{"start":{"line":159,"column":45},"end":{"line":159,"column":56}}]},"25":{"type":"branch","line":163,"loc":{"start":{"line":163,"column":27},"end":{"line":165,"column":5}},"locations":[{"start":{"line":163,"column":27},"end":{"line":165,"column":5}}]},"26":{"type":"branch","line":122,"loc":{"start":{"line":122,"column":48},"end":{"line":122,"column":98}},"locations":[{"start":{"line":122,"column":48},"end":{"line":122,"column":98}}]},"27":{"type":"branch","line":130,"loc":{"start":{"line":130,"column":46},"end":{"line":130,"column":87}},"locations":[{"start":{"line":130,"column":46},"end":{"line":130,"column":87}}]},"28":{"type":"branch","line":173,"loc":{"start":{"line":173,"column":10},"end":{"line":194,"column":3}},"locations":[{"start":{"line":173,"column":10},"end":{"line":194,"column":3}}]},"29":{"type":"branch","line":177,"loc":{"start":{"line":177,"column":26},"end":{"line":179,"column":5}},"locations":[{"start":{"line":177,"column":26},"end":{"line":179,"column":5}}]},"30":{"type":"branch","line":181,"loc":{"start":{"line":181,"column":24},"end":{"line":183,"column":5}},"locations":[{"start":{"line":181,"column":24},"end":{"line":183,"column":5}}]},"31":{"type":"branch","line":185,"loc":{"start":{"line":185,"column":24},"end":{"line":187,"column":5}},"locations":[{"start":{"line":185,"column":24},"end":{"line":187,"column":5}}]},"32":{"type":"branch","line":189,"loc":{"start":{"line":189,"column":23},"end":{"line":191,"column":5}},"locations":[{"start":{"line":189,"column":23},"end":{"line":191,"column":5}}]},"33":{"type":"branch","line":199,"loc":{"start":{"line":199,"column":10},"end":{"line":228,"column":3}},"locations":[{"start":{"line":199,"column":10},"end":{"line":228,"column":3}}]},"34":{"type":"branch","line":200,"loc":{"start":{"line":200,"column":44},"end":{"line":200,"column":67}},"locations":[{"start":{"line":200,"column":44},"end":{"line":200,"column":67}}]},"35":{"type":"branch","line":225,"loc":{"start":{"line":225,"column":48},"end":{"line":225,"column":79}},"locations":[{"start":{"line":225,"column":48},"end":{"line":225,"column":79}}]},"36":{"type":"branch","line":200,"loc":{"start":{"line":200,"column":71},"end":{"line":221,"column":5}},"locations":[{"start":{"line":200,"column":71},"end":{"line":221,"column":5}}]},"37":{"type":"branch","line":204,"loc":{"start":{"line":204,"column":41},"end":{"line":204,"column":55}},"locations":[{"start":{"line":204,"column":41},"end":{"line":204,"column":55}}]},"38":{"type":"branch","line":205,"loc":{"start":{"line":205,"column":45},"end":{"line":205,"column":59}},"locations":[{"start":{"line":205,"column":45},"end":{"line":205,"column":59}}]},"39":{"type":"branch","line":206,"loc":{"start":{"line":206,"column":47},"end":{"line":206,"column":58}},"locations":[{"start":{"line":206,"column":47},"end":{"line":206,"column":58}}]},"40":{"type":"branch","line":207,"loc":{"start":{"line":207,"column":23},"end":{"line":207,"column":37}},"locations":[{"start":{"line":207,"column":23},"end":{"line":207,"column":37}}]},"41":{"type":"branch","line":216,"loc":{"start":{"line":216,"column":16},"end":{"line":216,"column":41}},"locations":[{"start":{"line":216,"column":16},"end":{"line":216,"column":41}}]},"42":{"type":"branch","line":216,"loc":{"start":{"line":216,"column":52},"end":{"line":218,"column":7}},"locations":[{"start":{"line":216,"column":52},"end":{"line":218,"column":7}}]},"43":{"type":"branch","line":233,"loc":{"start":{"line":233,"column":10},"end":{"line":285,"column":3}},"locations":[{"start":{"line":233,"column":10},"end":{"line":285,"column":3}}]},"44":{"type":"branch","line":240,"loc":{"start":{"line":240,"column":21},"end":{"line":242,"column":61}},"locations":[{"start":{"line":240,"column":21},"end":{"line":242,"column":61}}]},"45":{"type":"branch","line":244,"loc":{"start":{"line":244,"column":58},"end":{"line":244,"column":66}},"locations":[{"start":{"line":244,"column":58},"end":{"line":244,"column":66}}]},"46":{"type":"branch","line":246,"loc":{"start":{"line":246,"column":63},"end":{"line":246,"column":71}},"locations":[{"start":{"line":246,"column":63},"end":{"line":246,"column":71}}]},"47":{"type":"branch","line":249,"loc":{"start":{"line":249,"column":75},"end":{"line":249,"column":83}},"locations":[{"start":{"line":249,"column":75},"end":{"line":249,"column":83}}]},"48":{"type":"branch","line":253,"loc":{"start":{"line":253,"column":75},"end":{"line":254,"column":90}},"locations":[{"start":{"line":253,"column":75},"end":{"line":254,"column":90}}]},"49":{"type":"branch","line":254,"loc":{"start":{"line":254,"column":65},"end":{"line":254,"column":76}},"locations":[{"start":{"line":254,"column":65},"end":{"line":254,"column":76}}]},"50":{"type":"branch","line":265,"loc":{"start":{"line":265,"column":24},"end":{"line":267,"column":7}},"locations":[{"start":{"line":265,"column":24},"end":{"line":267,"column":7}}]},"51":{"type":"branch","line":269,"loc":{"start":{"line":269,"column":22},"end":{"line":271,"column":7}},"locations":[{"start":{"line":269,"column":22},"end":{"line":271,"column":7}}]},"52":{"type":"branch","line":278,"loc":{"start":{"line":278,"column":25},"end":{"line":278,"column":50}},"locations":[{"start":{"line":278,"column":25},"end":{"line":278,"column":50}}]},"53":{"type":"branch","line":278,"loc":{"start":{"line":278,"column":46},"end":{"line":278,"column":87}},"locations":[{"start":{"line":278,"column":46},"end":{"line":278,"column":87}}]},"54":{"type":"branch","line":278,"loc":{"start":{"line":278,"column":83},"end":{"line":278,"column":101}},"locations":[{"start":{"line":278,"column":83},"end":{"line":278,"column":101}}]},"55":{"type":"branch","line":336,"loc":{"start":{"line":336,"column":10},"end":{"line":351,"column":3}},"locations":[{"start":{"line":336,"column":10},"end":{"line":351,"column":3}}]},"56":{"type":"branch","line":340,"loc":{"start":{"line":340,"column":32},"end":{"line":348,"column":5}},"locations":[{"start":{"line":340,"column":32},"end":{"line":348,"column":5}}]},"57":{"type":"branch","line":344,"loc":{"start":{"line":344,"column":31},"end":{"line":347,"column":7}},"locations":[{"start":{"line":344,"column":31},"end":{"line":347,"column":7}}]},"58":{"type":"branch","line":356,"loc":{"start":{"line":356,"column":10},"end":{"line":366,"column":3}},"locations":[{"start":{"line":356,"column":10},"end":{"line":366,"column":3}}]},"59":{"type":"branch","line":358,"loc":{"start":{"line":358,"column":8},"end":{"line":358,"column":37}},"locations":[{"start":{"line":358,"column":8},"end":{"line":358,"column":37}}]},"60":{"type":"branch","line":358,"loc":{"start":{"line":358,"column":37},"end":{"line":360,"column":11}},"locations":[{"start":{"line":358,"column":37},"end":{"line":360,"column":11}}]},"61":{"type":"branch","line":360,"loc":{"start":{"line":360,"column":4},"end":{"line":362,"column":5}},"locations":[{"start":{"line":360,"column":4},"end":{"line":362,"column":5}}]},"62":{"type":"branch","line":365,"loc":{"start":{"line":365,"column":11},"end":{"line":365,"column":38}},"locations":[{"start":{"line":365,"column":11},"end":{"line":365,"column":38}}]},"63":{"type":"branch","line":365,"loc":{"start":{"line":365,"column":34},"end":{"line":365,"column":48}},"locations":[{"start":{"line":365,"column":34},"end":{"line":365,"column":48}}]},"64":{"type":"branch","line":371,"loc":{"start":{"line":371,"column":10},"end":{"line":377,"column":3}},"locations":[{"start":{"line":371,"column":10},"end":{"line":377,"column":3}}]},"65":{"type":"branch","line":372,"loc":{"start":{"line":372,"column":78},"end":{"line":372,"column":86}},"locations":[{"start":{"line":372,"column":78},"end":{"line":372,"column":86}}]},"66":{"type":"branch","line":373,"loc":{"start":{"line":373,"column":29},"end":{"line":376,"column":5}},"locations":[{"start":{"line":373,"column":29},"end":{"line":376,"column":5}}]},"67":{"type":"branch","line":375,"loc":{"start":{"line":375,"column":34},"end":{"line":375,"column":42}},"locations":[{"start":{"line":375,"column":34},"end":{"line":375,"column":42}}]},"68":{"type":"branch","line":376,"loc":{"start":{"line":376,"column":14},"end":{"line":376,"column":26}},"locations":[{"start":{"line":376,"column":14},"end":{"line":376,"column":26}}]},"69":{"type":"branch","line":382,"loc":{"start":{"line":382,"column":10},"end":{"line":388,"column":3}},"locations":[{"start":{"line":382,"column":10},"end":{"line":388,"column":3}}]},"70":{"type":"branch","line":383,"loc":{"start":{"line":383,"column":69},"end":{"line":383,"column":77}},"locations":[{"start":{"line":383,"column":69},"end":{"line":383,"column":77}}]},"71":{"type":"branch","line":384,"loc":{"start":{"line":384,"column":31},"end":{"line":387,"column":5}},"locations":[{"start":{"line":384,"column":31},"end":{"line":387,"column":5}}]},"72":{"type":"branch","line":386,"loc":{"start":{"line":386,"column":26},"end":{"line":386,"column":34}},"locations":[{"start":{"line":386,"column":26},"end":{"line":386,"column":34}}]},"73":{"type":"branch","line":387,"loc":{"start":{"line":387,"column":14},"end":{"line":387,"column":24}},"locations":[{"start":{"line":387,"column":14},"end":{"line":387,"column":24}}]}},"b":{"0":[5],"1":[5],"2":[0],"3":[0],"4":[0],"5":[2],"6":[0],"7":[0],"8":[2],"9":[1],"10":[0],"11":[2],"12":[0],"13":[0],"14":[0],"15":[0],"16":[1],"17":[0],"18":[0],"19":[0],"20":[0],"21":[0],"22":[0],"23":[0],"24":[0],"25":[0],"26":[1],"27":[1],"28":[2],"29":[0],"30":[0],"31":[1],"32":[1],"33":[2],"34":[0],"35":[0],"36":[2],"37":[0],"38":[0],"39":[0],"40":[0],"41":[1],"42":[1],"43":[2],"44":[0],"45":[0],"46":[0],"47":[0],"48":[1],"49":[0],"50":[1],"51":[1],"52":[1],"53":[1],"54":[1],"55":[1],"56":[2],"57":[1],"58":[13],"59":[3],"60":[3],"61":[10],"62":[9],"63":[4],"64":[2],"65":[1],"66":[1],"67":[0],"68":[1],"69":[2],"70":[0],"71":[2],"72":[0],"73":[2]},"fnMap":{"0":{"name":"<instance_members_initializer>","decl":{"start":{"line":8,"column":7},"end":{"line":389,"column":1}},"loc":{"start":{"line":8,"column":7},"end":{"line":389,"column":1}},"line":8},"1":{"name":"AcademicSearchUtils","decl":{"start":{"line":12,"column":2},"end":{"line":19,"column":3}},"loc":{"start":{"line":12,"column":2},"end":{"line":19,"column":3}},"line":12},"2":{"name":"searchScholar","decl":{"start":{"line":24,"column":2},"end":{"line":42,"column":3}},"loc":{"start":{"line":24,"column":2},"end":{"line":42,"column":3}},"line":24},"3":{"name":"searchArXiv","decl":{"start":{"line":47,"column":2},"end":{"line":70,"column":3}},"loc":{"start":{"line":47,"column":2},"end":{"line":70,"column":3}},"line":47},"4":{"name":"searchSemanticScholar","decl":{"start":{"line":75,"column":2},"end":{"line":110,"column":3}},"loc":{"start":{"line":75,"column":2},"end":{"line":110,"column":3}},"line":75},"5":{"name":"comprehensiveSearch","decl":{"start":{"line":115,"column":2},"end":{"line":168,"column":3}},"loc":{"start":{"line":115,"column":2},"end":{"line":168,"column":3}},"line":115},"6":{"name":"buildScholarParams","decl":{"start":{"line":173,"column":10},"end":{"line":194,"column":3}},"loc":{"start":{"line":173,"column":10},"end":{"line":194,"column":3}},"line":173},"7":{"name":"parseScholarResults","decl":{"start":{"line":199,"column":10},"end":{"line":228,"column":3}},"loc":{"start":{"line":199,"column":10},"end":{"line":228,"column":3}},"line":199},"8":{"name":"parseArXivResults","decl":{"start":{"line":233,"column":10},"end":{"line":285,"column":3}},"loc":{"start":{"line":233,"column":10},"end":{"line":285,"column":3}},"line":233},"9":{"name":"parseSemanticScholarResults","decl":{"start":{"line":290,"column":10},"end":{"line":331,"column":3}},"loc":{"start":{"line":290,"column":10},"end":{"line":331,"column":3}},"line":290},"10":{"name":"deduplicatePapers","decl":{"start":{"line":336,"column":10},"end":{"line":351,"column":3}},"loc":{"start":{"line":336,"column":10},"end":{"line":351,"column":3}},"line":336},"11":{"name":"extractXmlValue","decl":{"start":{"line":356,"column":10},"end":{"line":366,"column":3}},"loc":{"start":{"line":356,"column":10},"end":{"line":366,"column":3}},"line":356},"12":{"name":"extractXmlAuthors","decl":{"start":{"line":371,"column":10},"end":{"line":377,"column":3}},"loc":{"start":{"line":371,"column":10},"end":{"line":377,"column":3}},"line":371},"13":{"name":"extractXmlCategories","decl":{"start":{"line":382,"column":10},"end":{"line":388,"column":3}},"loc":{"start":{"line":382,"column":10},"end":{"line":388,"column":3}},"line":382}},"f":{"0":5,"1":5,"2":2,"3":2,"4":2,"5":1,"6":2,"7":2,"8":2,"9":0,"10":1,"11":13,"12":2,"13":2}},"/home/sam/Genkit-UI/src/agents/news-research-agent/news-search.ts":{"path":"/home/sam/Genkit-UI/src/agents/news-research-agent/news-search.ts","all":false,"statementMap":{"0":{"start":{"line":1,"column":0},"end":{"line":1,"column":34}},"6":{"start":{"line":7,"column":0},"end":{"line":7,"column":30}},"7":{"start":{"line":8,"column":0},"end":{"line":8,"column":29}},"8":{"start":{"line":9,"column":0},"end":{"line":9,"column":41}},"10":{"start":{"line":11,"column":0},"end":{"line":11,"column":57}},"11":{"start":{"line":12,"column":0},"end":{"line":12,"column":72}},"12":{"start":{"line":13,"column":0},"end":{"line":13,"column":64}},"14":{"start":{"line":15,"column":0},"end":{"line":15,"column":27}},"15":{"start":{"line":16,"column":0},"end":{"line":16,"column":97}},"16":{"start":{"line":17,"column":0},"end":{"line":17,"column":5}},"17":{"start":{"line":18,"column":0},"end":{"line":18,"column":3}},"22":{"start":{"line":23,"column":0},"end":{"line":23,"column":101}},"23":{"start":{"line":24,"column":0},"end":{"line":24,"column":9}},"24":{"start":{"line":25,"column":0},"end":{"line":25,"column":28}},"25":{"start":{"line":26,"column":0},"end":{"line":26,"column":17}},"26":{"start":{"line":27,"column":0},"end":{"line":27,"column":33}},"27":{"start":{"line":28,"column":0},"end":{"line":28,"column":30}},"28":{"start":{"line":29,"column":0},"end":{"line":29,"column":33}},"29":{"start":{"line":30,"column":0},"end":{"line":30,"column":46}},"30":{"start":{"line":31,"column":0},"end":{"line":31,"column":8}},"32":{"start":{"line":33,"column":0},"end":{"line":33,"column":67}},"33":{"start":{"line":34,"column":0},"end":{"line":34,"column":50}},"35":{"start":{"line":36,"column":0},"end":{"line":36,"column":57}},"36":{"start":{"line":37,"column":0},"end":{"line":37,"column":21}},"37":{"start":{"line":38,"column":0},"end":{"line":38,"column":57}},"38":{"start":{"line":39,"column":0},"end":{"line":39,"column":112}},"39":{"start":{"line":40,"column":0},"end":{"line":40,"column":5}},"40":{"start":{"line":41,"column":0},"end":{"line":41,"column":3}},"45":{"start":{"line":46,"column":0},"end":{"line":46,"column":92}},"46":{"start":{"line":47,"column":0},"end":{"line":47,"column":9}},"47":{"start":{"line":48,"column":0},"end":{"line":48,"column":29}},"48":{"start":{"line":49,"column":0},"end":{"line":49,"column":54}},"49":{"start":{"line":50,"column":0},"end":{"line":50,"column":7}},"51":{"start":{"line":52,"column":0},"end":{"line":52,"column":48}},"52":{"start":{"line":53,"column":0},"end":{"line":53,"column":17}},"53":{"start":{"line":54,"column":0},"end":{"line":54,"column":32}},"54":{"start":{"line":55,"column":0},"end":{"line":55,"column":46}},"55":{"start":{"line":56,"column":0},"end":{"line":56,"column":43}},"56":{"start":{"line":57,"column":0},"end":{"line":57,"column":47}},"57":{"start":{"line":58,"column":0},"end":{"line":58,"column":9}},"59":{"start":{"line":60,"column":0},"end":{"line":60,"column":25}},"60":{"start":{"line":61,"column":0},"end":{"line":61,"column":50}},"61":{"start":{"line":62,"column":0},"end":{"line":62,"column":7}},"63":{"start":{"line":64,"column":0},"end":{"line":64,"column":23}},"64":{"start":{"line":65,"column":0},"end":{"line":65,"column":46}},"65":{"start":{"line":66,"column":0},"end":{"line":66,"column":7}},"67":{"start":{"line":68,"column":0},"end":{"line":68,"column":28}},"68":{"start":{"line":69,"column":0},"end":{"line":69,"column":66}},"69":{"start":{"line":70,"column":0},"end":{"line":70,"column":7}},"71":{"start":{"line":72,"column":0},"end":{"line":72,"column":81}},"73":{"start":{"line":74,"column":0},"end":{"line":74,"column":63}},"74":{"start":{"line":75,"column":0},"end":{"line":75,"column":40}},"76":{"start":{"line":77,"column":0},"end":{"line":77,"column":25}},"77":{"start":{"line":78,"column":0},"end":{"line":78,"column":79}},"78":{"start":{"line":79,"column":0},"end":{"line":79,"column":7}},"80":{"start":{"line":81,"column":0},"end":{"line":81,"column":66}},"82":{"start":{"line":83,"column":0},"end":{"line":83,"column":36}},"83":{"start":{"line":84,"column":0},"end":{"line":84,"column":61}},"84":{"start":{"line":85,"column":0},"end":{"line":85,"column":7}},"86":{"start":{"line":87,"column":0},"end":{"line":87,"column":54}},"87":{"start":{"line":88,"column":0},"end":{"line":88,"column":21}},"88":{"start":{"line":89,"column":0},"end":{"line":89,"column":53}},"90":{"start":{"line":91,"column":0},"end":{"line":91,"column":14}},"91":{"start":{"line":92,"column":0},"end":{"line":92,"column":14}},"92":{"start":{"line":93,"column":0},"end":{"line":93,"column":24}},"93":{"start":{"line":94,"column":0},"end":{"line":94,"column":21}},"94":{"start":{"line":95,"column":0},"end":{"line":95,"column":71}},"95":{"start":{"line":96,"column":0},"end":{"line":96,"column":8}},"96":{"start":{"line":97,"column":0},"end":{"line":97,"column":5}},"97":{"start":{"line":98,"column":0},"end":{"line":98,"column":3}},"102":{"start":{"line":103,"column":0},"end":{"line":103,"column":122}},"103":{"start":{"line":104,"column":0},"end":{"line":104,"column":39}},"104":{"start":{"line":105,"column":0},"end":{"line":105,"column":32}},"106":{"start":{"line":107,"column":0},"end":{"line":107,"column":9}},"108":{"start":{"line":109,"column":0},"end":{"line":109,"column":94}},"109":{"start":{"line":110,"column":0},"end":{"line":110,"column":112}},"110":{"start":{"line":111,"column":0},"end":{"line":111,"column":21}},"111":{"start":{"line":112,"column":0},"end":{"line":112,"column":94}},"112":{"start":{"line":113,"column":0},"end":{"line":113,"column":5}},"114":{"start":{"line":115,"column":0},"end":{"line":115,"column":9}},"116":{"start":{"line":117,"column":0},"end":{"line":117,"column":92}},"117":{"start":{"line":118,"column":0},"end":{"line":118,"column":47}},"118":{"start":{"line":119,"column":0},"end":{"line":119,"column":87}},"119":{"start":{"line":120,"column":0},"end":{"line":120,"column":31}},"120":{"start":{"line":121,"column":0},"end":{"line":121,"column":28}},"121":{"start":{"line":122,"column":0},"end":{"line":122,"column":33}},"122":{"start":{"line":123,"column":0},"end":{"line":123,"column":64}},"123":{"start":{"line":124,"column":0},"end":{"line
[...]
":31}},"77":{"start":{"line":78,"column":0},"end":{"line":78,"column":5}},"78":{"start":{"line":79,"column":0},"end":{"line":79,"column":3}}},"s":{"0":1,"2":1,"4":1,"5":1,"6":1,"7":1,"8":1,"10":1,"11":1,"12":1,"13":1,"14":1,"15":1,"16":1,"17":1,"18":1,"19":1,"21":1,"22":1,"23":1,"24":1,"25":1,"26":1,"28":1,"29":1,"30":1,"31":1,"32":1,"33":1,"34":1,"35":1,"36":1,"37":1,"38":1,"39":1,"40":1,"41":1,"42":1,"43":1,"44":1,"45":1,"46":1,"47":1,"48":1,"49":1,"50":1,"51":1,"52":1,"53":1,"54":1,"55":1,"56":1,"57":1,"58":1,"59":1,"60":1,"61":1,"62":1,"63":1,"64":1,"65":1,"66":1,"67":1,"68":1,"69":1,"70":1,"71":1,"72":1,"73":1,"74":1,"75":1,"76":1,"77":1,"78":1},"branchMap":{},"b":{},"fnMap":{},"f":{}},"/home/sam/Genkit-UI/src/schemas/recipeSchema.ts":{"path":"/home/sam/Genkit-UI/src/schemas/recipeSchema.ts","all":false,"statementMap":{"0":{"start":{"line":1,"column":0},"end":{"line":1,"column":27}},"3":{"start":{"line":4,"column":0},"end":{"line":4,"column":43}},"4":{"start":{"line":5,"column":0},"end":{"line":5,"column":69}},"5":{"start":{"line":6,"column":0},"end":{"line":6,"column":82}},"6":{"start":{"line":7,"column":0},"end":{"line":7,"column":3}},"9":{"start":{"line":10,"column":0},"end":{"line":10,"column":38}},"10":{"start":{"line":11,"column":0},"end":{"line":11,"column":20}},"11":{"start":{"line":12,"column":0},"end":{"line":12,"column":26}},"12":{"start":{"line":13,"column":0},"end":{"line":13,"column":23}},"13":{"start":{"line":14,"column":0},"end":{"line":14,"column":23}},"14":{"start":{"line":15,"column":0},"end":{"line":15,"column":23}},"15":{"start":{"line":16,"column":0},"end":{"line":16,"column":35}},"16":{"start":{"line":17,"column":0},"end":{"line":17,"column":36}},"17":{"start":{"line":18,"column":0},"end":{"line":18,"column":39}},"18":{"start":{"line":19,"column":0},"end":{"line":19,"column":3}}},"s":{"0":1,"3":1,"4":1,"5":1,"6":1,"9":1,"10":1,"11":1,"12":1,"13":1,"14":1,"15":1,"16":1,"17":1,"18":1},"branchMap":{},"b":{},"fnMap":{},"f":{}},"/home/sam/Genkit-UI/src/schemas/webResearchSchema.ts":{"path":"/home/sam/Genkit-UI/src/schemas/webResearchSchema.ts","all":false,"statementMap":{"0":{"start":{"line":1,"column":0},"end":{"line":1,"column":27}},"3":{"start":{"line":4,"column":0},"end":{"line":4,"column":90}},"5":{"start":{"line":6,"column":0},"end":{"line":6,"column":46}},"6":{"start":{"line":7,"column":0},"end":{"line":7,"column":24}},"7":{"start":{"line":8,"column":0},"end":{"line":8,"column":20}},"8":{"start":{"line":9,"column":0},"end":{"line":9,"column":32}},"9":{"start":{"line":10,"column":0},"end":{"line":10,"column":52}},"10":{"start":{"line":11,"column":0},"end":{"line":11,"column":45}},"11":{"start":{"line":12,"column":0},"end":{"line":12,"column":23}},"12":{"start":{"line":13,"column":0},"end":{"line":13,"column":36}},"13":{"start":{"line":14,"column":0},"end":{"line":14,"column":3}},"15":{"start":{"line":16,"column":0},"end":{"line":16,"column":47}},"16":{"start":{"line":17,"column":0},"end":{"line":17,"column":20}},"17":{"start":{"line":18,"column":0},"end":{"line":18,"column":23}},"18":{"start":{"line":19,"column":0},"end":{"line":19,"column":39}},"19":{"start":{"line":20,"column":0},"end":{"line":20,"column":51}},"20":{"start":{"line":21,"column":0},"end":{"line":21,"column":61}},"21":{"start":{"line":22,"column":0},"end":{"line":22,"column":3}},"23":{"start":{"line":24,"column":0},"end":{"line":24,"column":48}},"24":{"start":{"line":25,"column":0},"end":{"line":25,"column":20}},"25":{"start":{"line":26,"column":0},"end":{"line":26,"column":39}},"26":{"start":{"line":27,"column":0},"end":{"line":27,"column":60}},"27":{"start":{"line":28,"column":0},"end":{"line":28,"column":40}},"28":{"start":{"line":29,"column":0},"end":{"line":29,"column":3}},"30":{"start":{"line":31,"column":0},"end":{"line":31,"column":49}},"31":{"start":{"line":32,"column":0},"end":{"line":32,"column":20}},"32":{"start":{"line":33,"column":0},"end":{"line":33,"column":43}},"33":{"start":{"line":34,"column":0},"end":{"line":34,"column":41}},"34":{"start":{"line":35,"column":0},"end":{"line":35,"column":26}},"35":{"start":{"line":36,"column":0},"end":{"line":36,"column":39}},"36":{"start":{"line":37,"column":0},"end":{"line":37,"column":37}},"37":{"start":{"line":38,"column":0},"end":{"line":38,"column":49}},"38":{"start":{"line":39,"column":0},"end":{"line":39,"column":3}}},"s":{"0":1,"3":1,"5":1,"6":1,"7":1,"8":1,"9":1,"10":1,"11":1,"12":1,"13":1,"15":1,"16":1,"17":1,"18":1,"19":1,"20":1,"21":1,"23":1,"24":1,"25":1,"26":1,"27":1,"28":1,"30":1,"31":1,"32":1,"33":1,"34":1,"35":1,"36":1,"37":1,"38":1},"branchMap":{},"b":{},"fnMap":{},"f":{}},"/home/sam/Genkit-UI/src/schemas/webScrapingSchema.ts":{"path":"/home/sam/Genkit-UI/src/schemas/webScrapingSchema.ts","all":false,"statementMap":{"0":{"start":{"line":1,"column":0},"end":{"line":1,"column":27}},"2":{"start":{"line":3,"column":0},"end":{"line":3,"column":43}},"3":{"start":{"line":4,"column":0},"end":{"line":4,"column":24}},"4":{"start":{"line":5,"column":0},"end":{"line":5,"column":41}},"5":{"start":{"line":6,"column":0},"end":{"line":6,"column":36}},"6":{"start":{"line":7,"column":0},"end":{"line":7,"column":37}},"7":{"start":{"line":8,"column":0},"end":{"line":8,"column":31}},"8":{"start":{"line":9,"column":0},"end":{"line":9,"column":37}},"9":{"start":{"line":10,"column":0},"end":{"line":10,"column":47}},"10":{"start":{"line":11,"column":0},"end":{"line":11,"column":19}},"11":{"start":{"line":12,"column":0},"end":{"line":12,"column":19}},"12":{"start":{"line":13,"column":0},"end":{"line":13,"column":34}},"13":{"start":{"line":14,"column":0},"end":{"line":14,"column":29}},"14":{"start":{"line":15,"column":0},"end":{"line":15,"column":30}},"15":{"start":{"line":16,"column":0},"end":{"line":16,"column":24}},"16":{"start":{"line":17,"column":0},"end":{"line":17,"column":3}},"18":{"start":{"line":19,"column":0},"end":{"line":19,"column":43}},"19":{"start":{"line":20,"column":0},"end":{"line":20,"column":29}},"20":{"start":{"line":21,"column":0},"end":{"line":21,"column":36}},"21":{"start":{"line":22,"column":0},"end":{"line":22,"column":68}},"22":{"start":{"line":23,"column":0},"end":{"line":23,"column":72}},"23":{"start":{"line":24,"column":0},"end":{"line":24,"column":3}},"25":{"start":{"line":26,"column":0},"end":{"line":26,"column":43}},"26":{"start":{"line":27,"column":0},"end":{"line":27,"column":31}},"27":{"start":{"line":28,"column":0},"end":{"line":28,"column":34}},"28":{"start":{"line":29,"column":0},"end":{"line":29,"column":38}},"29":{"start":{"line":30,"column":0},"end":{"line":30,"column":3}},"31":{"start":{"line":32,"column":0},"end":{"line":32,"column":43}},"32":{"start":{"line":33,"column":0},"end":{"line":33,"column":19}},"33":{"start":{"line":34,"column":0},"end":{"line":34,"column":14}},"34":{"start":{"line":35,"column":0},"end":{"line":35,"column":28}},"35":{"start":{"line":36,"column":0},"end":{"line":36,"column":27}},"36":{"start":{"line":37,"column":0},"end":{"line":37,"column":41}},"37":{"start":{"line":38,"column":0},"end":{"line":38,"column":35}},"38":{"start":{"line":39,"column":0},"end":{"line":39,"column":6}},"39":{"start":{"line":40,"column":0},"end":{"line":40,"column":4}},"40":{"start":{"line":41,"column":0},"end":{"line":41,"column":3}},"42":{"start":{"line":43,"column":0},"end":{"line":43,"column":47}},"43":{"start":{"line":44,"column":0},"end":{"line":44,"column":23}},"44":{"start":{"line":45,"column":0},"end":{"line":45,"column":31}},"45":{"start":{"line":46,"column":0},"end":{"line":46,"column":33}},"46":{"start":{"line":47,"column":0},"end":{"line":47,"column":3}},"48":{"start":{"line":49,"column":0},"end":{"line":49,"column":41}},"49":{"start":{"line":50,"column":0},"end":{"line":50,"column":11}},"50":{"start":{"line":51,"column":0},"end":{"line":51,"column":33}},"51":{"start":{"line":52,"column":0},"end":{"line":52,"column":46}},"52":{"start":{"line":53,"column":0},"end":{"line":53,"column":42}},"53":{"start":{"line":54,"column":0},"end":{"line":54,"column":35}},"54":{"start":{"line":55,"column":0},"end":{"line":55,"column":36}},"55":{"start":{"line":56,"column":0},"end":{"line":56,"column":39}},"56":{"start":{"line":57,"column":0},"end":{"line":57,"column":39}},"57":{"start":{"line":58,"column":0},"end":{"line":58,"column":37}},"58":{"start":{"line":59,"column":0},"end":{"line":59,"column":4}},"59":{"start":{"line":60,"column":0},"end":{"line":60,"column":14}},"61":{"start":{"line":62,"column":0},"end":{"line":62,"column":48}},"62":{"start":{"line":63,"column":0},"end":{"line":63,"column":95}},"63":{"start":{"line":64,"column":0},"end":{"line":64,"column":29}},"64":{"start":{"line":65,"column":0},"end":{"line":65,"column":39}},"65":{"start":{"line":66,"column":0},"end":{"line":66,"column":36}},"66":{"start":{"line":67,"column":0},"end":{"line":67,"column":46}},"67":{"start":{"line":68,"column":0},"end":{"line":68,"column":32}},"68":{"start":{"line":69,"column":0},"end":{"line":69,"column":3}},"70":{"start":{"line":71,"column":0},"end":{"line":71,"column":49}},"71":{"start":{"line":72,"column":0},"end":{"line":72,"column":23}},"72":{"start":{"line":73,"column":0},"end":{"line":73,"column":24}},"73":{"start":{"line":74,"column":0},"end":{"line":74,"column":11}},"74":{"start":{"line":75,"column":0},"end":{"line":75,"column":12}},"75":{"start":{"line":76,"column":0},"end":{"line":76,"column":24}},"76":{"start":{"line":77,"column":0},"end":{"line":77,"column":24}},"77":{"start":{"line":78,"column":0},"end":{"line":78,"column":24}},"78":{"start":{"line":79,"column":0},"end":{"line":79,"column":24}},"79":{"start":{"line":80,"column":0},"end":{"line":80,"column":28}},"80":{"start":{"line":81,"column":0},"end":{"line":81,"column":6}},"81":{"start":{"line":82,"column":0},"end":{"line":82,"column":23}},"82":{"start":{"line":83,"column":0},"end":{"line":83,"column":31}},"83":{"start":{"line":84,"column":0},"end":{"line":84,"column":22}},"84":{"start":{"line":85,"column":0},"end":{"line":85,"column":26}},"85":{"start":{"line":86,"column":0},"end":{"line":86,"column":25}},"86":{"start":{"line":87,"column":0},"end":{"line":87,"column":41}},"87":{"start":{"line":88,"column":0},"end":{"line":88,"column":5}},"88":{"start":{"line":89,"column":0},"end":{"line":89,"column":3}}},"s":{"0":1,"2":1,"3":1,"4":1,"5":1,"6":1,"7":1,"8":1,"9":1,"10":1,"11":1,"12":1,"13":1,"14":1,"15":1,"16":1,"18":1,"19":1,"20":1,"21":1,"22":1,"23":1,"25":1,"26":1,"27":1,"28":1,"29":1,"31":1,"32":1,"33":1,"34":1,"35":1,"36":1,"37":1,"38":1,"39":1,"40":1,"42":1,"43":1,"44":1,"45":1,"46":1,"48":1,"49":1,"50":1,"51":1,"52":1,"53":1,"54":1,"55":1,"56":1,"57":1,"58":1,"59":1,"61":1,"62":1,"63":1,"64":1,"65":1,"66":1,"67":1,"68":1,"70":1,"71":1,"72":1,"73":1,"74":1,"75":1,"76":1,"77":1,"78":1,"79":1,"80":1,"81":1,"82":1,"83":1,"84":1,"85":1,"86":1,"87":1,"88":1},"branchMap":{},"b":{},"fnMap":{},"f":{}},"/home/sam/Genkit-UI/src/tools/interrupts/confirmAction.ts":{"path":"/home/sam/Genkit-UI/src/tools/interrupts/confirmAction.ts","all":false,"statementMap":{"0":{"start":{"line":1,"column":0},"end":{"line":1,"column":37}},"1":{"start":{"line":2,"column":0},"end":{"line":2,"column":27}},"3":{"start":{"line":4,"column":0},"end":{"line":4,"column":45}},"4":{"start":{"line":5,"column":0},"end":{"line":5,"column":54}},"5":{"start":{"line":6,"column":0},"end":{"line":6,"column":34}},"6":{"start":{"line":7,"column":0},"end":{"line":7,"column":31}},"7":{"start":{"line":8,"column":0},"end":{"line":8,"column":3}},"9":{"start":{"line":10,"column":0},"end":{"line":10,"column":47}},"10":{"start":{"line":11,"column":0},"end":{"line":11,"column":3}},"11":{"start":{"line":12,"column":0},"end":{"line":12,"column":26}},"12":{"start":{"line":13,"column":0},"end":{"line":13,"column":114}},"13":{"start":{"line":14,"column":0},"end":{"line":14,"column":27}},"14":{"start":{"line":15,"column":0},"end":{"line":15,"column":71}},"15":{"start":{"line":16,"column":0},"end":{"line":16,"column":67}},"16":{"start":{"line":17,"column":0},"end":{"line":17,"column":74}},"17":{"start":{"line":18,"column":0},"end":{"line":18,"column":64}},"18":{"start":{"line":19,"column":0},"end":{"line":19,"column":7}},"19":{"start":{"line":20,"column":0},"end":{"line":20,"column":83}},"20":{"start":{"line":21,"column":0},"end":{"line":21,"column":4}},"21":{"start":{"line":22,"column":0},"end":{"line":22,"column":44}},"23":{"start":{"line":24,"column":0},"end":{"line":24,"column":52}},"24":{"start":{"line":25,"column":0},"end":{"line":25,"column":60}},"25":{"start":{"line":26,"column":0},"end":{"line":26,"column":64}},"26":{"start":{"line":27,"column":0},"end":{"line":27,"column":126}},"27":{"start":{"line":28,"column":0},"end":{"line":28,"column":7}},"28":{"start":{"line":29,"column":0},"end":{"line":29,"column":64}},"29":{"start":{"line":30,"column":0},"end":{"line":30,"column":86}},"30":{"start":{"line":31,"column":0},"end":{"line":31,"column":7}},"32":{"start":{"line":33,"column":0},"end":{"line":33,"column":5}},"35":{"start":{"line":36,"column":0},"end":{"line":36,"column":15}},"36":{"start":{"line":37,"column":0},"end":{"line":37,"column":79}},"37":{"start":{"line":38,"column":0},"end":{"line":38,"column":17}},"38":{"start":{"line":39,"column":0},"end":{"line":39,"column":37}},"39":{"start":{"line":40,"column":0},"end":{"line":40,"column":29}},"40":{"start":{"line":41,"column":0},"end":{"line":41,"column":55}},"41":{"start":{"line":42,"column":0},"end":{"line":42,"column":25}},"42":{"start":{"line":43,"column":0},"end":{"line":43,"column":8}},"43":{"start":{"line":44,"column":0},"end":{"line":44,"column":7}},"46":{"start":{"line":47,"column":0},"end":{"line":47,"column":63}},"47":{"start":{"line":48,"column":0},"end":{"line":48,"column":3}},"48":{"start":{"line":49,"column":0},"end":{"line":49,"column":2}}},"s":{"0":1,"1":1,"3":1,"4":1,"5":1,"6":1,"7":1,"9":1,"10":1,"11":1,"12":1,"13":1,"14":1,"15":1,"16":1,"17":1,"18":1,"19":1,"20":1,"21":1,"23":3,"24":2,"25":2,"26":1,"27":1,"28":2,"29":1,"30":1,"32":2,"35":1,"36":1,"37":1,"38":1,"39":1,"40":3,"41":3,"42":3,"43":3,"46":3,"47":3,"48":1},"branchMap":{"0":{"type":"branch","line":22,"loc":{"start":{"line":22,"column":2},"end":{"line":48,"column":3}},"locations":[{"start":{"line":22,"column":2},"end":{"line":48,"column":3}}]},"1":{"type":"branch","line":24,"loc":{"start":{"line":24,"column":20},"end":{"line":24,"column":51}},"locations":[{"start":{"line":24,"column":20},"end":{"line":24,"column":51}}]},"2":{"type":"branch","line":24,"loc":{"start":{"line":24,"column":51},"end":{"line":33,"column":5}},"locations":[{"start":{"line":24,"column":51},"end":{"line":33,"column":5}}]},"3":{"type":"branch","line":26,"loc":{"start":{"line":26,"column":63},"end":{"line":29,"column":63}},"locations":[{"start":{"line":26,"column":63},"end":{"line":29,"column":63}}]},"4":{"type":"branch","line":27,"loc":{"start":{"line":27,"column":100},"end":{"line":27,"column":121}},"locations":[{"start":{"line":27,"column":100},"end":{"line":27,"column":121}}]},"5":{"type":"branch","line":29,"loc":{"start":{"line":29,"column":63},"end":{"line":31,"column":7}},"locations":[{"start":{"line":29,"column":63},"end":{"line":31,"column":7}}]},"6":{"type":"branch","line":33,"loc":{"start":{"line":33,"column":4},"end":{"line":41,"column":32}},"locations":[{"start":{"line":33,"column":4},"end":{"line":41,"column":32}}]},"7":{"type":"branch","line":41,"loc":{"start":{"line":41,"column":22},"end":{"line":41,"column":55}},"locations":[{"start":{"line":41,"column":22},"end":{"line":41,"column":55}}]}},"b":{"0":[3],"1":[2],"2":[2],"3":[1],"4":[0],"5":[1],"6":[1],"7":[0]},"fnMap":{},"f":{}},"/home/sam/Genkit-UI/src/tools/interrupts/confirmOverwrite.ts":{"path":"/home/sam/Genkit-UI/src/tools/interrupts/confirmOverwrite.ts","all":false,"statementMap":{"0":{"start":{"line":1,"column":0},"end":{"line":1,"column":37}},"1":{"start":{"line":2,"column":0},"end":{"line":2,"column":27}},"8":{"start":{"line":9,"column":0},"end":{"line":9,"column":47}},"9":{"start":{"line":10,"column":0},"end":{"line":10,"column":35}},"10":{"start":{"line":11,"column":0},"end":{"line":11,"column":34}},"11":{"start":{"line":12,"column":0},"end":{"line":12,"column":34}},"12":{"start":{"line":13,"column":0},"end":{"line":13,"column":3}},"14":{"start":{"line":15,"column":0},"end":{"line":15,"column":50}},"15":{"start":{"line":16,"column":0},"end":{"line":16,"column":3}},"16":{"start":{"line":17,"column":0},"end":{"line":17,"column":29}},"17":{"start":{"line":18,"column":0},"end":{"line":18,"column":109}},"18":{"start":{"line":19,"column":0},"end":{"line":19,"column":27}},"19":{"start":{"line":20,"column":0},"end":{"line":20,"column":75}},"20":{"start":{"line":21,"column":0},"end":{"line":21,"column":83}},"21":{"start":{"line":22,"column":0},"end":{"line":22,"column":113}},"22":{"start":{"line":23,"column":0},"end":{"line":23,"column":7}},"23":{"start":{"line":24,"column":0},"end":{"line":24,"column":55}},"24":{"start":{"line":25,"column":0},"end":{"line":25,"column":4}},"25":{"start":{"line":26,"column":0},"end":{"line":26,"column":44}},"27":{"start":{"line":28,"column":0},"end":{"line":28,"column":52}},"28":{"start":{"line":29,"column":0},"end":{"line":29,"column":62}},"29":{"start":{"line":30,"column":0},"end":{"line":30,"column":60}},"30":{"start":{"line":31,"column":0},"end":{"line":31,"column":35}},"31":{"start":{"line":32,"column":0},"end":{"line":32,"column":7}},"32":{"start":{"line":33,"column":0},"end":{"line":33,"column":61}},"33":{"start":{"line":34,"column":0},"end":{"line":34,"column":36}},"34":{"start":{"line":35,"column":0},"end":{"line":35,"column":7}},"36":{"start":{"line":37,"column":0},"end":{"line":37,"column":5}},"39":{"start":{"line":40,"column":0},"end":{"line":40,"column":15}},"40":{"start":{"line":41,"column":0},"end":{"line":41,"column":61}},"41":{"start":{"line":42,"column":0},"end":{"line":42,"column":17}},"42":{"start":{"line":43,"column":0},"end":{"line":43,"column":33}},"43":{"start":{"line":44,"column":0},"end":{"line":44,"column":58}},"44":{"start":{"line":45,"column":0},"end":{"line":45,"column":25}},"45":{"start":{"line":46,"column":0},"end":{"line":46,"column":8}},"46":{"start":{"line":47,"column":0},"end":{"line":47,"column":7}},"50":{"start":{"line":51,"column":0},"end":{"line":51,"column":32}},"51":{"start":{"line":52,"column":0},"end":{"line":52,"column":3}},"52":{"start":{"line":53,"column":0},"end":{"line":53,"column":2}}},"s":{"0":1,"1":1,"8":1,"9":1,"10":1,"11":1,"12":1,"14":1,"15":1,"16":1,"17":1,"18":1,"19":1,"20":1,"21":1,"22":1,"23":1,"24":1,"25":1,"27":3,"28":2,"29":2,"30":1,"31":1,"32":2,"33":1,"34":1,"36":2,"39":1,"40":1,"41":1,"42":1,"43":3,"44":3,"45":3,"46":3,"50":3,"51":3,"52":1},"branchMap":{"0":{"type":"branch","line":26,"loc":{"start":{"line":26,"column":2},"end":{"line":52,"column":3}},"locations":[{"start":{"line":26,"column":2},"end":{"line":52,"column":3}}]},"1":{"type":"branch","line":28,"loc":{"start":{"line":28,"column":20},"end":{"line":28,"column":51}},"locations":[{"start":{"line":28,"column":20},"end":{"line":28,"column":51}}]},"2":{"type":"branch","line":28,"loc":{"start":{"line":28,"column":51},"end":{"line":37,"column":5}},"locations":[{"start":{"line":28,"column":51},"end":{"line":37,"column":5}}]},"3":{"type":"branch","line":30,"loc":{"start":{"line":30,"column":59},"end":{"line":33,"column":60}},"locations":[{"start":{"line":30,"column":59},"end":{"line":33,"column":60}}]},"4":{"type":"branch","line":33,"loc":{"start":{"line":33,"column":60},"end":{"line":35,"column":7}},"locations":[{"start":{"line":33,"column":60},"end":{"line":35,"column":7}}]},"5":{"type":"branch","line":37,"loc":{"start":{"line":37,"column":4},"end":{"line":44,"column":34}},"locations":[{"start":{"line":37,"column":4},"end":{"line":44,"column":34}}]},"6":{"type":"branch","line":44,"loc":{"start":{"line":44,"column":23},"end":{"line":44,"column":58}},"locations":[{"start":{"line":44,"column":23},"end":{"line":44,"column":58}}]}},"b":{"0":[3],"1":[2],"2":[2],"3":[1],"4":[1],"5":[1],"6":[0]},"fnMap":{},"f":{}}}}